<?xml version="1.0" encoding="UTF-8" ?>
<testsuites>
<testsuite name="Dashboard REPORTP1" errors="0" tests="1" failures="0" time="478.867" timestamp="2015-04-30T09:12:15">
  <testcase classname="Dashboard REPORTP1" name="Should display the dashboard page as default page when a user logins" time="26.173"></testcase>
</testsuite>
<testsuite name="Dashboard REPORTP1.Manage Multiple Dashboard Tabs" errors="0" tests="5" failures="1" time="207.2" timestamp="2015-04-30T09:12:41">
  <testcase classname="Dashboard REPORTP1.Manage Multiple Dashboard Tabs" name="should be able to add dashboard" time="62.881"></testcase>
  <testcase classname="Dashboard REPORTP1.Manage Multiple Dashboard Tabs" name="should be able to move dashboard tabs" time="32.329"><failure type="expect" message="ElementNotVisibleError: element not visible
  (Session info: chrome=42.0.2311.90)
  (Driver info: chromedriver=2.14.313457 (3d645c400edf2e2c500566c9aa096063e707c9cf),platform=Windows NT 6.1 SP1 x86_64) (WARNING: The server did not provide any stacktrace information)
Command duration or timeout: 24 milliseconds
Build info: version: &amp;apos;2.45.0&amp;apos;, revision: &amp;apos;5017cb8&amp;apos;, time: &amp;apos;2015-02-26 23:59:50&amp;apos;
System info: host: &amp;apos;RA-NTLY-4084&amp;apos;, ip: &amp;apos;10.130.174.30&amp;apos;, os.name: &amp;apos;Windows Server 2008 R2&amp;apos;, os.arch: &amp;apos;x86&amp;apos;, os.version: &amp;apos;6.1&amp;apos;, java.version: &amp;apos;1.8.0_40&amp;apos;
Driver info: org.openqa.selenium.chrome.ChromeDriver
Capabilities [{applicationCacheEnabled=false, rotatable=false, mobileEmulationEnabled=false, chrome={userDataDir=C:\Users\ADMINI~1\AppData\Local\Temp\2\scoped_dir5032_6141}, takesHeapSnapshot=true, databaseEnabled=false, handlesAlerts=true, version=42.0.2311.90, platform=XP, browserConnectionEnabled=false, nativeEvents=true, acceptSslCerts=true, locationContextEnabled=true, webStorageEnabled=true, browserName=chrome, takesScreenshot=true, javascriptEnabled=true, cssSelectorsEnabled=true}]
Session ID: dacaaf3119a59646df33499410858c9f">ElementNotVisibleError: element not visible
  (Session info: chrome=42.0.2311.90)
  (Driver info: chromedriver=2.14.313457 (3d645c400edf2e2c500566c9aa096063e707c9cf),platform=Windows NT 6.1 SP1 x86_64) (WARNING: The server did not provide any stacktrace information)
Command duration or timeout: 24 milliseconds
Build info: version: &amp;apos;2.45.0&amp;apos;, revision: &amp;apos;5017cb8&amp;apos;, time: &amp;apos;2015-02-26 23:59:50&amp;apos;
System info: host: &amp;apos;RA-NTLY-4084&amp;apos;, ip: &amp;apos;10.130.174.30&amp;apos;, os.name: &amp;apos;Windows Server 2008 R2&amp;apos;, os.arch: &amp;apos;x86&amp;apos;, os.version: &amp;apos;6.1&amp;apos;, java.version: &amp;apos;1.8.0_40&amp;apos;
Driver info: org.openqa.selenium.chrome.ChromeDriver
Capabilities [{applicationCacheEnabled=false, rotatable=false, mobileEmulationEnabled=false, chrome={userDataDir=C:\Users\ADMINI~1\AppData\Local\Temp\2\scoped_dir5032_6141}, takesHeapSnapshot=true, databaseEnabled=false, handlesAlerts=true, version=42.0.2311.90, platform=XP, browserConnectionEnabled=false, nativeEvents=true, acceptSslCerts=true, locationContextEnabled=true, webStorageEnabled=true, browserName=chrome, takesScreenshot=true, javascriptEnabled=true, cssSelectorsEnabled=true}]
Session ID: dacaaf3119a59646df33499410858c9f
    at new bot.Error (C:\Eclipse\release-automation\trunk-smoke\nolio\platform\server\ui\nl-build-utils\node_modules\protractor\node_modules\selenium-webdriver\lib\atoms\error.js:113:18)
    at Object.bot.response.checkResponse (C:\Eclipse\release-automation\trunk-smoke\nolio\platform\server\ui\nl-build-utils\node_modules\protractor\node_modules\selenium-webdriver\lib\atoms\response.js:106:9)
    at C:\Eclipse\release-automation\trunk-smoke\nolio\platform\server\ui\nl-build-utils\node_modules\protractor\node_modules\selenium-webdriver\lib\webdriver\webdriver.js:362:20
    at C:\Eclipse\release-automation\trunk-smoke\nolio\platform\server\ui\nl-build-utils\node_modules\protractor\node_modules\selenium-webdriver\lib\goog\base.js:1582:15
    at [object Object].webdriver.promise.ControlFlow.runInNewFrame_ (C:\Eclipse\release-automation\trunk-smoke\nolio\platform\server\ui\nl-build-utils\node_modules\protractor\node_modules\selenium-webdriver\lib\webdriver\promise.js:1654:20)
    at notify (C:\Eclipse\release-automation\trunk-smoke\nolio\platform\server\ui\nl-build-utils\node_modules\protractor\node_modules\selenium-webdriver\lib\webdriver\promise.js:465:12)
    at notifyAll (C:\Eclipse\release-automation\trunk-smoke\nolio\platform\server\ui\nl-build-utils\node_modules\protractor\node_modules\selenium-webdriver\lib\webdriver\promise.js:442:7)
    at resolve (C:\Eclipse\release-automation\trunk-smoke\nolio\platform\server\ui\nl-build-utils\node_modules\protractor\node_modules\selenium-webdriver\lib\webdriver\promise.js:420:7)
    at [object Object].fulfill (C:\Eclipse\release-automation\trunk-smoke\nolio\platform\server\ui\nl-build-utils\node_modules\protractor\node_modules\selenium-webdriver\lib\webdriver\promise.js:535:5)
    at C:\Eclipse\release-automation\trunk-smoke\nolio\platform\server\ui\nl-build-utils\node_modules\protractor\node_modules\selenium-webdriver\lib\webdriver\promise.js:1520:10
==== async task ====
WebElement.click()
    at [object Object].webdriver.WebDriver.schedule (C:\Eclipse\release-automation\trunk-smoke\nolio\platform\server\ui\nl-build-utils\node_modules\protractor\node_modules\selenium-webdriver\lib\webdriver\webdriver.js:345:15)
    at [object Object].webdriver.WebElement.schedule_ (C:\Eclipse\release-automation\trunk-smoke\nolio\platform\server\ui\nl-build-utils\node_modules\protractor\node_modules\selenium-webdriver\lib\webdriver\webdriver.js:1727:23)
    at [object Object].webdriver.WebElement.click (C:\Eclipse\release-automation\trunk-smoke\nolio\platform\server\ui\nl-build-utils\node_modules\protractor\node_modules\selenium-webdriver\lib\webdriver\webdriver.js:1832:15)
    at actionFn (C:\Eclipse\release-automation\trunk-smoke\nolio\platform\server\ui\nl-build-utils\node_modules\protractor\lib\element.js:75:32)
    at C:\Eclipse\release-automation\trunk-smoke\nolio\platform\server\ui\nl-build-utils\node_modules\protractor\lib\element.js:394:17
    at Array.forEach (native)
    at C:\Eclipse\release-automation\trunk-smoke\nolio\platform\server\ui\nl-build-utils\node_modules\protractor\lib\element.js:393:9
    at C:\Eclipse\release-automation\trunk-smoke\nolio\platform\server\ui\nl-build-utils\node_modules\protractor\node_modules\selenium-webdriver\lib\goog\base.js:1582:15
    at [object Object].webdriver.promise.ControlFlow.runInNewFrame_ (C:\Eclipse\release-automation\trunk-smoke\nolio\platform\server\ui\nl-build-utils\node_modules\protractor\node_modules\selenium-webdriver\lib\webdriver\promise.js:1654:20)
==== async task ====
Asynchronous test function: beforeEach()
    at [object Object].&amp;lt;anonymous&amp;gt; (C:\Eclipse\release-automation\trunk-smoke\nolio\platform\server\ui\nl-build-utils\node_modules\protractor\node_modules\jasminewd\index.js:93:33)
    at [object Object].&amp;lt;anonymous&amp;gt; (C:\Eclipse\release-automation\trunk-smoke\nolio\platform\server\ui\nl-build-utils\node_modules\protractor\node_modules\minijasminenode\lib\async-callback.js:45:37)
    at [object Object].jasmine.Block.execute (C:\Eclipse\release-automation\trunk-smoke\nolio\platform\server\ui\nl-build-utils\node_modules\protractor\node_modules\minijasminenode\lib\jasmine-1.3.1.js:1174:17)
    at [object Object].jasmine.Queue.next_ (C:\Eclipse\release-automation\trunk-smoke\nolio\platform\server\ui\nl-build-utils\node_modules\protractor\node_modules\minijasminenode\lib\jasmine-1.3.1.js:2209:31)
    at [object Object].jasmine.Queue.start (C:\Eclipse\release-automation\trunk-smoke\nolio\platform\server\ui\nl-build-utils\node_modules\protractor\node_modules\minijasminenode\lib\jasmine-1.3.1.js:2162:8)
    at [object Object].jasmine.Spec.execute (C:\Eclipse\release-automation\trunk-smoke\nolio\platform\server\ui\nl-build-utils\node_modules\protractor\node_modules\minijasminenode\lib\jasmine-1.3.1.js:2503:14)
    at [object Object].jasmine.Queue.next_ (C:\Eclipse\release-automation\trunk-smoke\nolio\platform\server\ui\nl-build-utils\node_modules\protractor\node_modules\minijasminenode\lib\jasmine-1.3.1.js:2209:31)
    at onComplete (C:\Eclipse\release-automation\trunk-smoke\nolio\platform\server\ui\nl-build-utils\node_modules\protractor\node_modules\minijasminenode\lib\jasmine-1.3.1.js:2205:18)
    at [object Object].jasmine.Spec.finish (C:\Eclipse\release-automation\trunk-smoke\nolio\platform\server\ui\nl-build-utils\node_modules\protractor\node_modules\minijasminenode\lib\jasmine-1.3.1.js:2477:5)
Error
    at [object Object].ElementArrayFinder.applyAction_ (C:\Eclipse\release-automation\trunk-smoke\nolio\platform\server\ui\nl-build-utils\node_modules\protractor\lib\element.js:390:21)
    at [object Object].self.(anonymous function) [as click] (C:\Eclipse\release-automation\trunk-smoke\nolio\platform\server\ui\nl-build-utils\node_modules\protractor\lib\element.js:77:19)
    at [object Object].self.(anonymous function) [as click] (C:\Eclipse\release-automation\trunk-smoke\nolio\platform\server\ui\nl-build-utils\node_modules\protractor\lib\element.js:698:11)
    at C:\Eclipse\release-automation\trunk-smoke\nolio\platform\server\ui\web-ui\test\protractor\shared\pages\dashboardBase.js:37:36
    at C:\Eclipse\release-automation\trunk-smoke\nolio\platform\server\ui\nl-build-utils\node_modules\protractor\lib\element.js:770:12
    at C:\Eclipse\release-automation\trunk-smoke\nolio\platform\server\ui\nl-build-utils\node_modules\protractor\node_modules\selenium-webdriver\lib\goog\base.js:1582:15
    at [object Object].webdriver.promise.ControlFlow.runInNewFrame_ (C:\Eclipse\release-automation\trunk-smoke\nolio\platform\server\ui\nl-build-utils\node_modules\protractor\node_modules\selenium-webdriver\lib\webdriver\promise.js:1654:20)
    at notify (C:\Eclipse\release-automation\trunk-smoke\nolio\platform\server\ui\nl-build-utils\node_modules\protractor\node_modules\selenium-webdriver\lib\webdriver\promise.js:465:12)
    at notifyAll (C:\Eclipse\release-automation\trunk-smoke\nolio\platform\server\ui\nl-build-utils\node_modules\protractor\node_modules\selenium-webdriver\lib\webdriver\promise.js:442:7)
    at resolve (C:\Eclipse\release-automation\trunk-smoke\nolio\platform\server\ui\nl-build-utils\node_modules\protractor\node_modules\selenium-webdriver\lib\webdriver\promise.js:420:7)==== async task ====
Error
    at [object Object].&amp;lt;anonymous&amp;gt; (C:\Eclipse\release-automation\trunk-smoke\nolio\platform\server\ui\web-ui\test\protractor\suites\reports\dashboard.e2e.test.js:19:5)
    at [object Object].jasmine.Env.describe_ (C:\Eclipse\release-automation\trunk-smoke\nolio\platform\server\ui\nl-build-utils\node_modules\protractor\node_modules\minijasminenode\lib\jasmine-1.3.1.js:913:21)
    at [object Object].jasmine.Env.describe (C:\Eclipse\release-automation\trunk-smoke\nolio\platform\server\ui\nl-build-utils\node_modules\protractor\node_modules\minijasminenode\lib\jasmine-1.3.1.js:898:15)
    at describe (C:\Eclipse\release-automation\trunk-smoke\nolio\platform\server\ui\nl-build-utils\node_modules\protractor\node_modules\minijasminenode\lib\jasmine-1.3.1.js:658:27)
    at Object.&amp;lt;anonymous&amp;gt; (C:\Eclipse\release-automation\trunk-smoke\nolio\platform\server\ui\web-ui\test\protractor\suites\reports\dashboard.e2e.test.js:18:1)
    at Module._compile (module.js:460:26)
    at Object.Module._extensions..js (module.js:478:10)
    at Module.load (module.js:355:32)
    at Function.Module._load (module.js:310:12)</failure></testcase>
  <testcase classname="Dashboard REPORTP1.Manage Multiple Dashboard Tabs" name="should be able to update dashboard" time="21.689"></testcase>
  <testcase classname="Dashboard REPORTP1.Manage Multiple Dashboard Tabs" name="should be able to delete dashboard" time="34.87"></testcase>
  <testcase classname="Dashboard REPORTP1.Manage Multiple Dashboard Tabs" name="should be able to manage dashboards per user" time="55.414"></testcase>
</testsuite>
<testsuite name="Dashboard REPORTP1.Dashboard Layout" errors="0" tests="2" failures="0" time="84.134" timestamp="2015-04-30T09:16:08">
  <testcase classname="Dashboard REPORTP1.Dashboard Layout" name="The layouts can be shown in New page dialog and Edit Page dialog" time="25.379"></testcase>
  <testcase classname="Dashboard REPORTP1.Dashboard Layout" name="Each layout can be applied in Edit Page dialog" time="58.752"></testcase>
</testsuite>
<testsuite name="Dashboard REPORTP1.Dahsboard Refresh" errors="0" tests="1" failures="1" time="14.333" timestamp="2015-04-30T09:17:33">
  <testcase classname="Dashboard REPORTP1.Dahsboard Refresh" name="The dashboard page should refresh correctly" time="14.329"><failure type="expect" message="ElementNotVisibleError: element not visible
  (Session info: chrome=42.0.2311.90)
  (Driver info: chromedriver=2.14.313457 (3d645c400edf2e2c500566c9aa096063e707c9cf),platform=Windows NT 6.1 SP1 x86_64) (WARNING: The server did not provide any stacktrace information)
Command duration or timeout: 20 milliseconds
Build info: version: &amp;apos;2.45.0&amp;apos;, revision: &amp;apos;5017cb8&amp;apos;, time: &amp;apos;2015-02-26 23:59:50&amp;apos;
System info: host: &amp;apos;RA-NTLY-4084&amp;apos;, ip: &amp;apos;10.130.174.30&amp;apos;, os.name: &amp;apos;Windows Server 2008 R2&amp;apos;, os.arch: &amp;apos;x86&amp;apos;, os.version: &amp;apos;6.1&amp;apos;, java.version: &amp;apos;1.8.0_40&amp;apos;
Driver info: org.openqa.selenium.chrome.ChromeDriver
Capabilities [{applicationCacheEnabled=false, rotatable=false, mobileEmulationEnabled=false, chrome={userDataDir=C:\Users\ADMINI~1\AppData\Local\Temp\2\scoped_dir5032_6141}, takesHeapSnapshot=true, databaseEnabled=false, handlesAlerts=true, version=42.0.2311.90, platform=XP, browserConnectionEnabled=false, nativeEvents=true, acceptSslCerts=true, locationContextEnabled=true, webStorageEnabled=true, browserName=chrome, takesScreenshot=true, javascriptEnabled=true, cssSelectorsEnabled=true}]
Session ID: dacaaf3119a59646df33499410858c9f">ElementNotVisibleError: element not visible
  (Session info: chrome=42.0.2311.90)
  (Driver info: chromedriver=2.14.313457 (3d645c400edf2e2c500566c9aa096063e707c9cf),platform=Windows NT 6.1 SP1 x86_64) (WARNING: The server did not provide any stacktrace information)
Command duration or timeout: 20 milliseconds
Build info: version: &amp;apos;2.45.0&amp;apos;, revision: &amp;apos;5017cb8&amp;apos;, time: &amp;apos;2015-02-26 23:59:50&amp;apos;
System info: host: &amp;apos;RA-NTLY-4084&amp;apos;, ip: &amp;apos;10.130.174.30&amp;apos;, os.name: &amp;apos;Windows Server 2008 R2&amp;apos;, os.arch: &amp;apos;x86&amp;apos;, os.version: &amp;apos;6.1&amp;apos;, java.version: &amp;apos;1.8.0_40&amp;apos;
Driver info: org.openqa.selenium.chrome.ChromeDriver
Capabilities [{applicationCacheEnabled=false, rotatable=false, mobileEmulationEnabled=false, chrome={userDataDir=C:\Users\ADMINI~1\AppData\Local\Temp\2\scoped_dir5032_6141}, takesHeapSnapshot=true, databaseEnabled=false, handlesAlerts=true, version=42.0.2311.90, platform=XP, browserConnectionEnabled=false, nativeEvents=true, acceptSslCerts=true, locationContextEnabled=true, webStorageEnabled=true, browserName=chrome, takesScreenshot=true, javascriptEnabled=true, cssSelectorsEnabled=true}]
Session ID: dacaaf3119a59646df33499410858c9f
    at new bot.Error (C:\Eclipse\release-automation\trunk-smoke\nolio\platform\server\ui\nl-build-utils\node_modules\protractor\node_modules\selenium-webdriver\lib\atoms\error.js:113:18)
    at Object.bot.response.checkResponse (C:\Eclipse\release-automation\trunk-smoke\nolio\platform\server\ui\nl-build-utils\node_modules\protractor\node_modules\selenium-webdriver\lib\atoms\response.js:106:9)
    at C:\Eclipse\release-automation\trunk-smoke\nolio\platform\server\ui\nl-build-utils\node_modules\protractor\node_modules\selenium-webdriver\lib\webdriver\webdriver.js:362:20
    at C:\Eclipse\release-automation\trunk-smoke\nolio\platform\server\ui\nl-build-utils\node_modules\protractor\node_modules\selenium-webdriver\lib\goog\base.js:1582:15
    at [object Object].webdriver.promise.ControlFlow.runInNewFrame_ (C:\Eclipse\release-automation\trunk-smoke\nolio\platform\server\ui\nl-build-utils\node_modules\protractor\node_modules\selenium-webdriver\lib\webdriver\promise.js:1654:20)
    at notify (C:\Eclipse\release-automation\trunk-smoke\nolio\platform\server\ui\nl-build-utils\node_modules\protractor\node_modules\selenium-webdriver\lib\webdriver\promise.js:465:12)
    at notifyAll (C:\Eclipse\release-automation\trunk-smoke\nolio\platform\server\ui\nl-build-utils\node_modules\protractor\node_modules\selenium-webdriver\lib\webdriver\promise.js:442:7)
    at resolve (C:\Eclipse\release-automation\trunk-smoke\nolio\platform\server\ui\nl-build-utils\node_modules\protractor\node_modules\selenium-webdriver\lib\webdriver\promise.js:420:7)
    at [object Object].fulfill (C:\Eclipse\release-automation\trunk-smoke\nolio\platform\server\ui\nl-build-utils\node_modules\protractor\node_modules\selenium-webdriver\lib\webdriver\promise.js:535:5)
    at C:\Eclipse\release-automation\trunk-smoke\nolio\platform\server\ui\nl-build-utils\node_modules\protractor\node_modules\selenium-webdriver\lib\webdriver\promise.js:1520:10
==== async task ====
WebElement.click()
    at [object Object].webdriver.WebDriver.schedule (C:\Eclipse\release-automation\trunk-smoke\nolio\platform\server\ui\nl-build-utils\node_modules\protractor\node_modules\selenium-webdriver\lib\webdriver\webdriver.js:345:15)
    at [object Object].webdriver.WebElement.schedule_ (C:\Eclipse\release-automation\trunk-smoke\nolio\platform\server\ui\nl-build-utils\node_modules\protractor\node_modules\selenium-webdriver\lib\webdriver\webdriver.js:1727:23)
    at [object Object].webdriver.WebElement.click (C:\Eclipse\release-automation\trunk-smoke\nolio\platform\server\ui\nl-build-utils\node_modules\protractor\node_modules\selenium-webdriver\lib\webdriver\webdriver.js:1832:15)
    at actionFn (C:\Eclipse\release-automation\trunk-smoke\nolio\platform\server\ui\nl-build-utils\node_modules\protractor\lib\element.js:75:32)
    at C:\Eclipse\release-automation\trunk-smoke\nolio\platform\server\ui\nl-build-utils\node_modules\protractor\lib\element.js:394:17
    at Array.forEach (native)
    at C:\Eclipse\release-automation\trunk-smoke\nolio\platform\server\ui\nl-build-utils\node_modules\protractor\lib\element.js:393:9
    at C:\Eclipse\release-automation\trunk-smoke\nolio\platform\server\ui\nl-build-utils\node_modules\protractor\node_modules\selenium-webdriver\lib\goog\base.js:1582:15
    at [object Object].webdriver.promise.ControlFlow.runInNewFrame_ (C:\Eclipse\release-automation\trunk-smoke\nolio\platform\server\ui\nl-build-utils\node_modules\protractor\node_modules\selenium-webdriver\lib\webdriver\promise.js:1654:20)
==== async task ====
Asynchronous test function: it()
    at [object Object].&amp;lt;anonymous&amp;gt; (C:\Eclipse\release-automation\trunk-smoke\nolio\platform\server\ui\nl-build-utils\node_modules\protractor\node_modules\jasminewd\index.js:93:33)
    at [object Object].&amp;lt;anonymous&amp;gt; (C:\Eclipse\release-automation\trunk-smoke\nolio\platform\server\ui\nl-build-utils\node_modules\protractor\node_modules\minijasminenode\lib\async-callback.js:45:37)
    at [object Object].jasmine.Block.execute (C:\Eclipse\release-automation\trunk-smoke\nolio\platform\server\ui\nl-build-utils\node_modules\protractor\node_modules\minijasminenode\lib\jasmine-1.3.1.js:1174:17)
    at [object Object].jasmine.Queue.next_ (C:\Eclipse\release-automation\trunk-smoke\nolio\platform\server\ui\nl-build-utils\node_modules\protractor\node_modules\minijasminenode\lib\jasmine-1.3.1.js:2209:31)
    at [object Object]._onTimeout (C:\Eclipse\release-automation\trunk-smoke\nolio\platform\server\ui\nl-build-utils\node_modules\protractor\node_modules\minijasminenode\lib\jasmine-1.3.1.js:2199:18)
    at Timer.listOnTimeout (timers.js:110:15)
Error
    at [object Object].ElementArrayFinder.applyAction_ (C:\Eclipse\release-automation\trunk-smoke\nolio\platform\server\ui\nl-build-utils\node_modules\protractor\lib\element.js:390:21)
    at [object Object].self.(anonymous function) [as click] (C:\Eclipse\release-automation\trunk-smoke\nolio\platform\server\ui\nl-build-utils\node_modules\protractor\lib\element.js:77:19)
    at [object Object].self.(anonymous function) [as click] (C:\Eclipse\release-automation\trunk-smoke\nolio\platform\server\ui\nl-build-utils\node_modules\protractor\lib\element.js:698:11)
    at [object Object].addSomeWidgetsToActiveDahsboard (C:\Eclipse\release-automation\trunk-smoke\nolio\platform\server\ui\web-ui\test\protractor\shared\pages\dashboardPage.js:342:22)
    at [object Object].&amp;lt;anonymous&amp;gt; (C:\Eclipse\release-automation\trunk-smoke\nolio\platform\server\ui\web-ui\test\protractor\suites\reports\dashboard.e2e.test.js:222:27)
    at C:\Eclipse\release-automation\trunk-smoke\nolio\platform\server\ui\nl-build-utils\node_modules\protractor\node_modules\jasminewd\index.js:94:14
    at [object Object].webdriver.promise.ControlFlow.runInNewFrame_ (C:\Eclipse\release-automation\trunk-smoke\nolio\platform\server\ui\nl-build-utils\node_modules\protractor\node_modules\selenium-webdriver\lib\webdriver\promise.js:1654:20)
    at [object Object].webdriver.promise.ControlFlow.runEventLoop_ (C:\Eclipse\release-automation\trunk-smoke\nolio\platform\server\ui\nl-build-utils\node_modules\protractor\node_modules\selenium-webdriver\lib\webdriver\promise.js:1518:8)
    at [object Object].wrapper [as _onTimeout] (timers.js:265:14)
    at Timer.listOnTimeout (timers.js:110:15)==== async task ====
Error
    at [object Object].&amp;lt;anonymous&amp;gt; (C:\Eclipse\release-automation\trunk-smoke\nolio\platform\server\ui\web-ui\test\protractor\suites\reports\dashboard.e2e.test.js:221:9)
    at [object Object].jasmine.Env.describe_ (C:\Eclipse\release-automation\trunk-smoke\nolio\platform\server\ui\nl-build-utils\node_modules\protractor\node_modules\minijasminenode\lib\jasmine-1.3.1.js:913:21)
    at [object Object].jasmine.Env.describe (C:\Eclipse\release-automation\trunk-smoke\nolio\platform\server\ui\nl-build-utils\node_modules\protractor\node_modules\minijasminenode\lib\jasmine-1.3.1.js:898:15)
    at describe (C:\Eclipse\release-automation\trunk-smoke\nolio\platform\server\ui\nl-build-utils\node_modules\protractor\node_modules\minijasminenode\lib\jasmine-1.3.1.js:658:27)
    at [object Object].&amp;lt;anonymous&amp;gt; (C:\Eclipse\release-automation\trunk-smoke\nolio\platform\server\ui\web-ui\test\protractor\suites\reports\dashboard.e2e.test.js:216:5)
    at [object Object].jasmine.Env.describe_ (C:\Eclipse\release-automation\trunk-smoke\nolio\platform\server\ui\nl-build-utils\node_modules\protractor\node_modules\minijasminenode\lib\jasmine-1.3.1.js:913:21)
    at [object Object].jasmine.Env.describe (C:\Eclipse\release-automation\trunk-smoke\nolio\platform\server\ui\nl-build-utils\node_modules\protractor\node_modules\minijasminenode\lib\jasmine-1.3.1.js:898:15)
    at describe (C:\Eclipse\release-automation\trunk-smoke\nolio\platform\server\ui\nl-build-utils\node_modules\protractor\node_modules\minijasminenode\lib\jasmine-1.3.1.js:658:27)
    at Object.&amp;lt;anonymous&amp;gt; (C:\Eclipse\release-automation\trunk-smoke\nolio\platform\server\ui\web-ui\test\protractor\suites\reports\dashboard.e2e.test.js:18:1)</failure><failure type="expect" message="UnknownError: unknown error: Element is not clickable at point (222, 96). Other element would receive the click: &amp;lt;div tabindex=&amp;quot;-1&amp;quot; role=&amp;quot;dialog&amp;quot; class=&amp;quot;modal fade ng-isolate-scope add-widget-window in&amp;quot; ng-class=&amp;quot;{in: animate}&amp;quot; ng-style=&amp;quot;{&amp;apos;z-index&amp;apos;: 1050 + index*10, display: &amp;apos;block&amp;apos;}&amp;quot; ng-click=&amp;quot;close($event)&amp;quot; modal-window=&amp;quot;&amp;quot; window-class=&amp;quot;add-widget-window&amp;quot; index=&amp;quot;0&amp;quot; animate=&amp;quot;animate&amp;quot; style=&amp;quot;z-index: 1050; display: block;&amp;quot;&amp;gt;...&amp;lt;/div&amp;gt;
  (Session info: chrome=42.0.2311.90)
  (Driver info: chromedriver=2.14.313457 (3d645c400edf2e2c500566c9aa096063e707c9cf),platform=Windows NT 6.1 SP1 x86_64) (WARNING: The server did not provide any stacktrace information)
Command duration or timeout: 61 milliseconds
Build info: version: &amp;apos;2.45.0&amp;apos;, revision: &amp;apos;5017cb8&amp;apos;, time: &amp;apos;2015-02-26 23:59:50&amp;apos;
System info: host: &amp;apos;RA-NTLY-4084&amp;apos;, ip: &amp;apos;10.130.174.30&amp;apos;, os.name: &amp;apos;Windows Server 2008 R2&amp;apos;, os.arch: &amp;apos;x86&amp;apos;, os.version: &amp;apos;6.1&amp;apos;, java.version: &amp;apos;1.8.0_40&amp;apos;
Driver info: org.openqa.selenium.chrome.ChromeDriver
Capabilities [{applicationCacheEnabled=false, rotatable=false, mobileEmulationEnabled=false, chrome={userDataDir=C:\Users\ADMINI~1\AppData\Local\Temp\2\scoped_dir5032_6141}, takesHeapSnapshot=true, databaseEnabled=false, handlesAlerts=true, version=42.0.2311.90, platform=XP, browserConnectionEnabled=false, nativeEvents=true, acceptSslCerts=true, locationContextEnabled=true, webStorageEnabled=true, browserName=chrome, takesScreenshot=true, javascriptEnabled=true, cssSelectorsEnabled=true}]
Session ID: dacaaf3119a59646df33499410858c9f">UnknownError: unknown error: Element is not clickable at point (222, 96). Other element would receive the click: &amp;lt;div tabindex=&amp;quot;-1&amp;quot; role=&amp;quot;dialog&amp;quot; class=&amp;quot;modal fade ng-isolate-scope add-widget-window in&amp;quot; ng-class=&amp;quot;{in: animate}&amp;quot; ng-style=&amp;quot;{&amp;apos;z-index&amp;apos;: 1050 + index*10, display: &amp;apos;block&amp;apos;}&amp;quot; ng-click=&amp;quot;close($event)&amp;quot; modal-window=&amp;quot;&amp;quot; window-class=&amp;quot;add-widget-window&amp;quot; index=&amp;quot;0&amp;quot; animate=&amp;quot;animate&amp;quot; style=&amp;quot;z-index: 1050; display: block;&amp;quot;&amp;gt;...&amp;lt;/div&amp;gt;
  (Session info: chrome=42.0.2311.90)
  (Driver info: chromedriver=2.14.313457 (3d645c400edf2e2c500566c9aa096063e707c9cf),platform=Windows NT 6.1 SP1 x86_64) (WARNING: The server did not provide any stacktrace information)
Command duration or timeout: 61 milliseconds
Build info: version: &amp;apos;2.45.0&amp;apos;, revision: &amp;apos;5017cb8&amp;apos;, time: &amp;apos;2015-02-26 23:59:50&amp;apos;
System info: host: &amp;apos;RA-NTLY-4084&amp;apos;, ip: &amp;apos;10.130.174.30&amp;apos;, os.name: &amp;apos;Windows Server 2008 R2&amp;apos;, os.arch: &amp;apos;x86&amp;apos;, os.version: &amp;apos;6.1&amp;apos;, java.version: &amp;apos;1.8.0_40&amp;apos;
Driver info: org.openqa.selenium.chrome.ChromeDriver
Capabilities [{applicationCacheEnabled=false, rotatable=false, mobileEmulationEnabled=false, chrome={userDataDir=C:\Users\ADMINI~1\AppData\Local\Temp\2\scoped_dir5032_6141}, takesHeapSnapshot=true, databaseEnabled=false, handlesAlerts=true, version=42.0.2311.90, platform=XP, browserConnectionEnabled=false, nativeEvents=true, acceptSslCerts=true, locationContextEnabled=true, webStorageEnabled=true, browserName=chrome, takesScreenshot=true, javascriptEnabled=true, cssSelectorsEnabled=true}]
Session ID: dacaaf3119a59646df33499410858c9f
    at new bot.Error (C:\Eclipse\release-automation\trunk-smoke\nolio\platform\server\ui\nl-build-utils\node_modules\protractor\node_modules\selenium-webdriver\lib\atoms\error.js:113:18)
    at Object.bot.response.checkResponse (C:\Eclipse\release-automation\trunk-smoke\nolio\platform\server\ui\nl-build-utils\node_modules\protractor\node_modules\selenium-webdriver\lib\atoms\response.js:106:9)
    at C:\Eclipse\release-automation\trunk-smoke\nolio\platform\server\ui\nl-build-utils\node_modules\protractor\node_modules\selenium-webdriver\lib\webdriver\webdriver.js:362:20
    at C:\Eclipse\release-automation\trunk-smoke\nolio\platform\server\ui\nl-build-utils\node_modules\protractor\node_modules\selenium-webdriver\lib\goog\base.js:1582:15
    at [object Object].webdriver.promise.ControlFlow.runInNewFrame_ (C:\Eclipse\release-automation\trunk-smoke\nolio\platform\server\ui\nl-build-utils\node_modules\protractor\node_modules\selenium-webdriver\lib\webdriver\promise.js:1654:20)
    at notify (C:\Eclipse\release-automation\trunk-smoke\nolio\platform\server\ui\nl-build-utils\node_modules\protractor\node_modules\selenium-webdriver\lib\webdriver\promise.js:465:12)
    at notifyAll (C:\Eclipse\release-automation\trunk-smoke\nolio\platform\server\ui\nl-build-utils\node_modules\protractor\node_modules\selenium-webdriver\lib\webdriver\promise.js:442:7)
    at resolve (C:\Eclipse\release-automation\trunk-smoke\nolio\platform\server\ui\nl-build-utils\node_modules\protractor\node_modules\selenium-webdriver\lib\webdriver\promise.js:420:7)
    at [object Object].fulfill (C:\Eclipse\release-automation\trunk-smoke\nolio\platform\server\ui\nl-build-utils\node_modules\protractor\node_modules\selenium-webdriver\lib\webdriver\promise.js:535:5)
    at C:\Eclipse\release-automation\trunk-smoke\nolio\platform\server\ui\nl-build-utils\node_modules\protractor\node_modules\selenium-webdriver\lib\webdriver\promise.js:1520:10
==== async task ====
WebElement.click()
    at [object Object].webdriver.WebDriver.schedule (C:\Eclipse\release-automation\trunk-smoke\nolio\platform\server\ui\nl-build-utils\node_modules\protractor\node_modules\selenium-webdriver\lib\webdriver\webdriver.js:345:15)
    at [object Object].webdriver.WebElement.schedule_ (C:\Eclipse\release-automation\trunk-smoke\nolio\platform\server\ui\nl-build-utils\node_modules\protractor\node_modules\selenium-webdriver\lib\webdriver\webdriver.js:1727:23)
    at [object Object].webdriver.WebElement.click (C:\Eclipse\release-automation\trunk-smoke\nolio\platform\server\ui\nl-build-utils\node_modules\protractor\node_modules\selenium-webdriver\lib\webdriver\webdriver.js:1832:15)
    at actionFn (C:\Eclipse\release-automation\trunk-smoke\nolio\platform\server\ui\nl-build-utils\node_modules\protractor\lib\element.js:75:32)
    at C:\Eclipse\release-automation\trunk-smoke\nolio\platform\server\ui\nl-build-utils\node_modules\protractor\lib\element.js:394:17
    at Array.forEach (native)
    at C:\Eclipse\release-automation\trunk-smoke\nolio\platform\server\ui\nl-build-utils\node_modules\protractor\lib\element.js:393:9
    at C:\Eclipse\release-automation\trunk-smoke\nolio\platform\server\ui\nl-build-utils\node_modules\protractor\node_modules\selenium-webdriver\lib\goog\base.js:1582:15
    at [object Object].webdriver.promise.ControlFlow.runInNewFrame_ (C:\Eclipse\release-automation\trunk-smoke\nolio\platform\server\ui\nl-build-utils\node_modules\protractor\node_modules\selenium-webdriver\lib\webdriver\promise.js:1654:20)
==== async task ====
Asynchronous test function: afterEach()
    at [object Object].&amp;lt;anonymous&amp;gt; (C:\Eclipse\release-automation\trunk-smoke\nolio\platform\server\ui\nl-build-utils\node_modules\protractor\node_modules\jasminewd\index.js:93:33)
    at [object Object].&amp;lt;anonymous&amp;gt; (C:\Eclipse\release-automation\trunk-smoke\nolio\platform\server\ui\nl-build-utils\node_modules\protractor\node_modules\minijasminenode\lib\async-callback.js:45:37)
    at [object Object].jasmine.Block.execute (C:\Eclipse\release-automation\trunk-smoke\nolio\platform\server\ui\nl-build-utils\node_modules\protractor\node_modules\minijasminenode\lib\jasmine-1.3.1.js:1174:17)
    at [object Object].jasmine.Queue.next_ (C:\Eclipse\release-automation\trunk-smoke\nolio\platform\server\ui\nl-build-utils\node_modules\protractor\node_modules\minijasminenode\lib\jasmine-1.3.1.js:2209:31)
    at [object Object]._onTimeout (C:\Eclipse\release-automation\trunk-smoke\nolio\platform\server\ui\nl-build-utils\node_modules\protractor\node_modules\minijasminenode\lib\jasmine-1.3.1.js:2199:18)
    at Timer.listOnTimeout (timers.js:110:15)
Error
    at [object Object].ElementArrayFinder.applyAction_ (C:\Eclipse\release-automation\trunk-smoke\nolio\platform\server\ui\nl-build-utils\node_modules\protractor\lib\element.js:390:21)
    at [object Object].self.(anonymous function) [as click] (C:\Eclipse\release-automation\trunk-smoke\nolio\platform\server\ui\nl-build-utils\node_modules\protractor\lib\element.js:77:19)
    at [object Object].self.(anonymous function) [as click] (C:\Eclipse\release-automation\trunk-smoke\nolio\platform\server\ui\nl-build-utils\node_modules\protractor\lib\element.js:698:11)
    at [object Object].deleteActiveDashboard (C:\Eclipse\release-automation\trunk-smoke\nolio\platform\server\ui\web-ui\test\protractor\shared\pages\dashboardPage.js:493:31)
    at [object Object].&amp;lt;anonymous&amp;gt; (C:\Eclipse\release-automation\trunk-smoke\nolio\platform\server\ui\web-ui\test\protractor\suites\reports\dashboard.e2e.test.js:231:27)
    at C:\Eclipse\release-automation\trunk-smoke\nolio\platform\server\ui\nl-build-utils\node_modules\protractor\node_modules\jasminewd\index.js:94:14
    at [object Object].webdriver.promise.ControlFlow.runInNewFrame_ (C:\Eclipse\release-automation\trunk-smoke\nolio\platform\server\ui\nl-build-utils\node_modules\protractor\node_modules\selenium-webdriver\lib\webdriver\promise.js:1654:20)
    at [object Object].webdriver.promise.ControlFlow.runEventLoop_ (C:\Eclipse\release-automation\trunk-smoke\nolio\platform\server\ui\nl-build-utils\node_modules\protractor\node_modules\selenium-webdriver\lib\webdriver\promise.js:1518:8)
    at [object Object].wrapper [as _onTimeout] (timers.js:265:14)
    at Timer.listOnTimeout (timers.js:110:15)==== async task ====
Error
    at [object Object].&amp;lt;anonymous&amp;gt; (C:\Eclipse\release-automation\trunk-smoke\nolio\platform\server\ui\web-ui\test\protractor\suites\reports\dashboard.e2e.test.js:230:9)
    at [object Object].jasmine.Env.describe_ (C:\Eclipse\release-automation\trunk-smoke\nolio\platform\server\ui\nl-build-utils\node_modules\protractor\node_modules\minijasminenode\lib\jasmine-1.3.1.js:913:21)
    at [object Object].jasmine.Env.describe (C:\Eclipse\release-automation\trunk-smoke\nolio\platform\server\ui\nl-build-utils\node_modules\protractor\node_modules\minijasminenode\lib\jasmine-1.3.1.js:898:15)
    at describe (C:\Eclipse\release-automation\trunk-smoke\nolio\platform\server\ui\nl-build-utils\node_modules\protractor\node_modules\minijasminenode\lib\jasmine-1.3.1.js:658:27)
    at [object Object].&amp;lt;anonymous&amp;gt; (C:\Eclipse\release-automation\trunk-smoke\nolio\platform\server\ui\web-ui\test\protractor\suites\reports\dashboard.e2e.test.js:216:5)
    at [object Object].jasmine.Env.describe_ (C:\Eclipse\release-automation\trunk-smoke\nolio\platform\server\ui\nl-build-utils\node_modules\protractor\node_modules\minijasminenode\lib\jasmine-1.3.1.js:913:21)
    at [object Object].jasmine.Env.describe (C:\Eclipse\release-automation\trunk-smoke\nolio\platform\server\ui\nl-build-utils\node_modules\protractor\node_modules\minijasminenode\lib\jasmine-1.3.1.js:898:15)
    at describe (C:\Eclipse\release-automation\trunk-smoke\nolio\platform\server\ui\nl-build-utils\node_modules\protractor\node_modules\minijasminenode\lib\jasmine-1.3.1.js:658:27)
    at Object.&amp;lt;anonymous&amp;gt; (C:\Eclipse\release-automation\trunk-smoke\nolio\platform\server\ui\web-ui\test\protractor\suites\reports\dashboard.e2e.test.js:18:1)</failure></testcase>
</testsuite>
<testsuite name="Dashboard REPORTP1.Manage Dashboard Contents" errors="0" tests="1" failures="1" time="13.036" timestamp="2015-04-30T09:17:47">
  <testcase classname="Dashboard REPORTP1.Manage Dashboard Contents" name="should be able to refresh content" time="13.034"><failure type="expect" message="UnknownError: unknown error: Element is not clickable at point (1782, 27). Other element would receive the click: &amp;lt;div tabindex=&amp;quot;-1&amp;quot; role=&amp;quot;dialog&amp;quot; class=&amp;quot;modal fade ng-isolate-scope add-widget-window in&amp;quot; ng-class=&amp;quot;{in: animate}&amp;quot; ng-style=&amp;quot;{&amp;apos;z-index&amp;apos;: 1050 + index*10, display: &amp;apos;block&amp;apos;}&amp;quot; ng-click=&amp;quot;close($event)&amp;quot; modal-window=&amp;quot;&amp;quot; window-class=&amp;quot;add-widget-window&amp;quot; index=&amp;quot;0&amp;quot; animate=&amp;quot;animate&amp;quot; style=&amp;quot;z-index: 1050; display: block;&amp;quot;&amp;gt;...&amp;lt;/div&amp;gt;
  (Session info: chrome=42.0.2311.90)
  (Driver info: chromedriver=2.14.313457 (3d645c400edf2e2c500566c9aa096063e707c9cf),platform=Windows NT 6.1 SP1 x86_64) (WARNING: The server did not provide any stacktrace information)
Command duration or timeout: 76 milliseconds
Build info: version: &amp;apos;2.45.0&amp;apos;, revision: &amp;apos;5017cb8&amp;apos;, time: &amp;apos;2015-02-26 23:59:50&amp;apos;
System info: host: &amp;apos;RA-NTLY-4084&amp;apos;, ip: &amp;apos;10.130.174.30&amp;apos;, os.name: &amp;apos;Windows Server 2008 R2&amp;apos;, os.arch: &amp;apos;x86&amp;apos;, os.version: &amp;apos;6.1&amp;apos;, java.version: &amp;apos;1.8.0_40&amp;apos;
Driver info: org.openqa.selenium.chrome.ChromeDriver
Capabilities [{applicationCacheEnabled=false, rotatable=false, mobileEmulationEnabled=false, chrome={userDataDir=C:\Users\ADMINI~1\AppData\Local\Temp\2\scoped_dir5032_6141}, takesHeapSnapshot=true, databaseEnabled=false, handlesAlerts=true, version=42.0.2311.90, platform=XP, browserConnectionEnabled=false, nativeEvents=true, acceptSslCerts=true, locationContextEnabled=true, webStorageEnabled=true, browserName=chrome, takesScreenshot=true, javascriptEnabled=true, cssSelectorsEnabled=true}]
Session ID: dacaaf3119a59646df33499410858c9f">UnknownError: unknown error: Element is not clickable at point (1782, 27). Other element would receive the click: &amp;lt;div tabindex=&amp;quot;-1&amp;quot; role=&amp;quot;dialog&amp;quot; class=&amp;quot;modal fade ng-isolate-scope add-widget-window in&amp;quot; ng-class=&amp;quot;{in: animate}&amp;quot; ng-style=&amp;quot;{&amp;apos;z-index&amp;apos;: 1050 + index*10, display: &amp;apos;block&amp;apos;}&amp;quot; ng-click=&amp;quot;close($event)&amp;quot; modal-window=&amp;quot;&amp;quot; window-class=&amp;quot;add-widget-window&amp;quot; index=&amp;quot;0&amp;quot; animate=&amp;quot;animate&amp;quot; style=&amp;quot;z-index: 1050; display: block;&amp;quot;&amp;gt;...&amp;lt;/div&amp;gt;
  (Session info: chrome=42.0.2311.90)
  (Driver info: chromedriver=2.14.313457 (3d645c400edf2e2c500566c9aa096063e707c9cf),platform=Windows NT 6.1 SP1 x86_64) (WARNING: The server did not provide any stacktrace information)
Command duration or timeout: 76 milliseconds
Build info: version: &amp;apos;2.45.0&amp;apos;, revision: &amp;apos;5017cb8&amp;apos;, time: &amp;apos;2015-02-26 23:59:50&amp;apos;
System info: host: &amp;apos;RA-NTLY-4084&amp;apos;, ip: &amp;apos;10.130.174.30&amp;apos;, os.name: &amp;apos;Windows Server 2008 R2&amp;apos;, os.arch: &amp;apos;x86&amp;apos;, os.version: &amp;apos;6.1&amp;apos;, java.version: &amp;apos;1.8.0_40&amp;apos;
Driver info: org.openqa.selenium.chrome.ChromeDriver
Capabilities [{applicationCacheEnabled=false, rotatable=false, mobileEmulationEnabled=false, chrome={userDataDir=C:\Users\ADMINI~1\AppData\Local\Temp\2\scoped_dir5032_6141}, takesHeapSnapshot=true, databaseEnabled=false, handlesAlerts=true, version=42.0.2311.90, platform=XP, browserConnectionEnabled=false, nativeEvents=true, acceptSslCerts=true, locationContextEnabled=true, webStorageEnabled=true, browserName=chrome, takesScreenshot=true, javascriptEnabled=true, cssSelectorsEnabled=true}]
Session ID: dacaaf3119a59646df33499410858c9f
    at new bot.Error (C:\Eclipse\release-automation\trunk-smoke\nolio\platform\server\ui\nl-build-utils\node_modules\protractor\node_modules\selenium-webdriver\lib\atoms\error.js:113:18)
    at Object.bot.response.checkResponse (C:\Eclipse\release-automation\trunk-smoke\nolio\platform\server\ui\nl-build-utils\node_modules\protractor\node_modules\selenium-webdriver\lib\atoms\response.js:106:9)
    at C:\Eclipse\release-automation\trunk-smoke\nolio\platform\server\ui\nl-build-utils\node_modules\protractor\node_modules\selenium-webdriver\lib\webdriver\webdriver.js:362:20
    at C:\Eclipse\release-automation\trunk-smoke\nolio\platform\server\ui\nl-build-utils\node_modules\protractor\node_modules\selenium-webdriver\lib\goog\base.js:1582:15
    at [object Object].webdriver.promise.ControlFlow.runInNewFrame_ (C:\Eclipse\release-automation\trunk-smoke\nolio\platform\server\ui\nl-build-utils\node_modules\protractor\node_modules\selenium-webdriver\lib\webdriver\promise.js:1654:20)
    at notify (C:\Eclipse\release-automation\trunk-smoke\nolio\platform\server\ui\nl-build-utils\node_modules\protractor\node_modules\selenium-webdriver\lib\webdriver\promise.js:465:12)
    at notifyAll (C:\Eclipse\release-automation\trunk-smoke\nolio\platform\server\ui\nl-build-utils\node_modules\protractor\node_modules\selenium-webdriver\lib\webdriver\promise.js:442:7)
    at resolve (C:\Eclipse\release-automation\trunk-smoke\nolio\platform\server\ui\nl-build-utils\node_modules\protractor\node_modules\selenium-webdriver\lib\webdriver\promise.js:420:7)
    at [object Object].fulfill (C:\Eclipse\release-automation\trunk-smoke\nolio\platform\server\ui\nl-build-utils\node_modules\protractor\node_modules\selenium-webdriver\lib\webdriver\promise.js:535:5)
    at C:\Eclipse\release-automation\trunk-smoke\nolio\platform\server\ui\nl-build-utils\node_modules\protractor\node_modules\selenium-webdriver\lib\webdriver\promise.js:1520:10
==== async task ====
WebElement.click()
    at [object Object].webdriver.WebDriver.schedule (C:\Eclipse\release-automation\trunk-smoke\nolio\platform\server\ui\nl-build-utils\node_modules\protractor\node_modules\selenium-webdriver\lib\webdriver\webdriver.js:345:15)
    at [object Object].webdriver.WebElement.schedule_ (C:\Eclipse\release-automation\trunk-smoke\nolio\platform\server\ui\nl-build-utils\node_modules\protractor\node_modules\selenium-webdriver\lib\webdriver\webdriver.js:1727:23)
    at [object Object].webdriver.WebElement.click (C:\Eclipse\release-automation\trunk-smoke\nolio\platform\server\ui\nl-build-utils\node_modules\protractor\node_modules\selenium-webdriver\lib\webdriver\webdriver.js:1832:15)
    at actionFn (C:\Eclipse\release-automation\trunk-smoke\nolio\platform\server\ui\nl-build-utils\node_modules\protractor\lib\element.js:75:32)
    at C:\Eclipse\release-automation\trunk-smoke\nolio\platform\server\ui\nl-build-utils\node_modules\protractor\lib\element.js:394:17
    at Array.forEach (native)
    at C:\Eclipse\release-automation\trunk-smoke\nolio\platform\server\ui\nl-build-utils\node_modules\protractor\lib\element.js:393:9
    at C:\Eclipse\release-automation\trunk-smoke\nolio\platform\server\ui\nl-build-utils\node_modules\protractor\node_modules\selenium-webdriver\lib\goog\base.js:1582:15
    at [object Object].webdriver.promise.ControlFlow.runInNewFrame_ (C:\Eclipse\release-automation\trunk-smoke\nolio\platform\server\ui\nl-build-utils\node_modules\protractor\node_modules\selenium-webdriver\lib\webdriver\promise.js:1654:20)
==== async task ====
Asynchronous test function: beforeEach()
    at [object Object].&amp;lt;anonymous&amp;gt; (C:\Eclipse\release-automation\trunk-smoke\nolio\platform\server\ui\nl-build-utils\node_modules\protractor\node_modules\jasminewd\index.js:93:33)
    at [object Object].&amp;lt;anonymous&amp;gt; (C:\Eclipse\release-automation\trunk-smoke\nolio\platform\server\ui\nl-build-utils\node_modules\protractor\node_modules\minijasminenode\lib\async-callback.js:45:37)
    at [object Object].jasmine.Block.execute (C:\Eclipse\release-automation\trunk-smoke\nolio\platform\server\ui\nl-build-utils\node_modules\protractor\node_modules\minijasminenode\lib\jasmine-1.3.1.js:1174:17)
    at [object Object].jasmine.Queue.next_ (C:\Eclipse\release-automation\trunk-smoke\nolio\platform\server\ui\nl-build-utils\node_modules\protractor\node_modules\minijasminenode\lib\jasmine-1.3.1.js:2209:31)
    at [object Object].jasmine.Queue.start (C:\Eclipse\release-automation\trunk-smoke\nolio\platform\server\ui\nl-build-utils\node_modules\protractor\node_modules\minijasminenode\lib\jasmine-1.3.1.js:2162:8)
    at [object Object].jasmine.Spec.execute (C:\Eclipse\release-automation\trunk-smoke\nolio\platform\server\ui\nl-build-utils\node_modules\protractor\node_modules\minijasminenode\lib\jasmine-1.3.1.js:2503:14)
    at [object Object].jasmine.Queue.next_ (C:\Eclipse\release-automation\trunk-smoke\nolio\platform\server\ui\nl-build-utils\node_modules\protractor\node_modules\minijasminenode\lib\jasmine-1.3.1.js:2209:31)
    at [object Object].jasmine.Queue.start (C:\Eclipse\release-automation\trunk-smoke\nolio\platform\server\ui\nl-build-utils\node_modules\protractor\node_modules\minijasminenode\lib\jasmine-1.3.1.js:2162:8)
    at [object Object].jasmine.Suite.execute (C:\Eclipse\release-automation\trunk-smoke\nolio\platform\server\ui\nl-build-utils\node_modules\protractor\node_modules\minijasminenode\lib\jasmine-1.3.1.js:2649:14)
Error
    at [object Object].ElementArrayFinder.applyAction_ (C:\Eclipse\release-automation\trunk-smoke\nolio\platform\server\ui\nl-build-utils\node_modules\protractor\lib\element.js:390:21)
    at [object Object].self.(anonymous function) [as click] (C:\Eclipse\release-automation\trunk-smoke\nolio\platform\server\ui\nl-build-utils\node_modules\protractor\lib\element.js:77:19)
    at [object Object].self.(anonymous function) [as click] (C:\Eclipse\release-automation\trunk-smoke\nolio\platform\server\ui\nl-build-utils\node_modules\protractor\lib\element.js:698:11)
    at [object Object].logout (C:\Eclipse\release-automation\trunk-smoke\nolio\platform\server\ui\web-ui\test\protractor\shared\pages\dashboardBase.js:35:42)
    at [object Object].&amp;lt;anonymous&amp;gt; (C:\Eclipse\release-automation\trunk-smoke\nolio\platform\server\ui\web-ui\test\protractor\suites\reports\dashboard.e2e.test.js:20:23)
    at C:\Eclipse\release-automation\trunk-smoke\nolio\platform\server\ui\nl-build-utils\node_modules\protractor\node_modules\jasminewd\index.js:94:14
    at [object Object].webdriver.promise.ControlFlow.runInNewFrame_ (C:\Eclipse\release-automation\trunk-smoke\nolio\platform\server\ui\nl-build-utils\node_modules\protractor\node_modules\selenium-webdriver\lib\webdriver\promise.js:1654:20)
    at [object Object].webdriver.promise.ControlFlow.runEventLoop_ (C:\Eclipse\release-automation\trunk-smoke\nolio\platform\server\ui\nl-build-utils\node_modules\protractor\node_modules\selenium-webdriver\lib\webdriver\promise.js:1518:8)
    at [object Object].wrapper [as _onTimeout] (timers.js:265:14)
    at Timer.listOnTimeout (timers.js:110:15)==== async task ====
Error
    at [object Object].&amp;lt;anonymous&amp;gt; (C:\Eclipse\release-automation\trunk-smoke\nolio\platform\server\ui\web-ui\test\protractor\suites\reports\dashboard.e2e.test.js:19:5)
    at [object Object].jasmine.Env.describe_ (C:\Eclipse\release-automation\trunk-smoke\nolio\platform\server\ui\nl-build-utils\node_modules\protractor\node_modules\minijasminenode\lib\jasmine-1.3.1.js:913:21)
    at [object Object].jasmine.Env.describe (C:\Eclipse\release-automation\trunk-smoke\nolio\platform\server\ui\nl-build-utils\node_modules\protractor\node_modules\minijasminenode\lib\jasmine-1.3.1.js:898:15)
    at describe (C:\Eclipse\release-automation\trunk-smoke\nolio\platform\server\ui\nl-build-utils\node_modules\protractor\node_modules\minijasminenode\lib\jasmine-1.3.1.js:658:27)
    at Object.&amp;lt;anonymous&amp;gt; (C:\Eclipse\release-automation\trunk-smoke\nolio\platform\server\ui\web-ui\test\protractor\suites\reports\dashboard.e2e.test.js:18:1)
    at Module._compile (module.js:460:26)
    at Object.Module._extensions..js (module.js:478:10)
    at Module.load (module.js:355:32)
    at Function.Module._load (module.js:310:12)</failure><failure type="expect" message="UnknownError: unknown error: Element is not clickable at point (222, 96). Other element would receive the click: &amp;lt;div tabindex=&amp;quot;-1&amp;quot; role=&amp;quot;dialog&amp;quot; class=&amp;quot;modal fade ng-isolate-scope add-widget-window in&amp;quot; ng-class=&amp;quot;{in: animate}&amp;quot; ng-style=&amp;quot;{&amp;apos;z-index&amp;apos;: 1050 + index*10, display: &amp;apos;block&amp;apos;}&amp;quot; ng-click=&amp;quot;close($event)&amp;quot; modal-window=&amp;quot;&amp;quot; window-class=&amp;quot;add-widget-window&amp;quot; index=&amp;quot;0&amp;quot; animate=&amp;quot;animate&amp;quot; style=&amp;quot;z-index: 1050; display: block;&amp;quot;&amp;gt;...&amp;lt;/div&amp;gt;
  (Session info: chrome=42.0.2311.90)
  (Driver info: chromedriver=2.14.313457 (3d645c400edf2e2c500566c9aa096063e707c9cf),platform=Windows NT 6.1 SP1 x86_64) (WARNING: The server did not provide any stacktrace information)
Command duration or timeout: 45 milliseconds
Build info: version: &amp;apos;2.45.0&amp;apos;, revision: &amp;apos;5017cb8&amp;apos;, time: &amp;apos;2015-02-26 23:59:50&amp;apos;
System info: host: &amp;apos;RA-NTLY-4084&amp;apos;, ip: &amp;apos;10.130.174.30&amp;apos;, os.name: &amp;apos;Windows Server 2008 R2&amp;apos;, os.arch: &amp;apos;x86&amp;apos;, os.version: &amp;apos;6.1&amp;apos;, java.version: &amp;apos;1.8.0_40&amp;apos;
Driver info: org.openqa.selenium.chrome.ChromeDriver
Capabilities [{applicationCacheEnabled=false, rotatable=false, mobileEmulationEnabled=false, chrome={userDataDir=C:\Users\ADMINI~1\AppData\Local\Temp\2\scoped_dir5032_6141}, takesHeapSnapshot=true, databaseEnabled=false, handlesAlerts=true, version=42.0.2311.90, platform=XP, browserConnectionEnabled=false, nativeEvents=true, acceptSslCerts=true, locationContextEnabled=true, webStorageEnabled=true, browserName=chrome, takesScreenshot=true, javascriptEnabled=true, cssSelectorsEnabled=true}]
Session ID: dacaaf3119a59646df33499410858c9f">UnknownError: unknown error: Element is not clickable at point (222, 96). Other element would receive the click: &amp;lt;div tabindex=&amp;quot;-1&amp;quot; role=&amp;quot;dialog&amp;quot; class=&amp;quot;modal fade ng-isolate-scope add-widget-window in&amp;quot; ng-class=&amp;quot;{in: animate}&amp;quot; ng-style=&amp;quot;{&amp;apos;z-index&amp;apos;: 1050 + index*10, display: &amp;apos;block&amp;apos;}&amp;quot; ng-click=&amp;quot;close($event)&amp;quot; modal-window=&amp;quot;&amp;quot; window-class=&amp;quot;add-widget-window&amp;quot; index=&amp;quot;0&amp;quot; animate=&amp;quot;animate&amp;quot; style=&amp;quot;z-index: 1050; display: block;&amp;quot;&amp;gt;...&amp;lt;/div&amp;gt;
  (Session info: chrome=42.0.2311.90)
  (Driver info: chromedriver=2.14.313457 (3d645c400edf2e2c500566c9aa096063e707c9cf),platform=Windows NT 6.1 SP1 x86_64) (WARNING: The server did not provide any stacktrace information)
Command duration or timeout: 45 milliseconds
Build info: version: &amp;apos;2.45.0&amp;apos;, revision: &amp;apos;5017cb8&amp;apos;, time: &amp;apos;2015-02-26 23:59:50&amp;apos;
System info: host: &amp;apos;RA-NTLY-4084&amp;apos;, ip: &amp;apos;10.130.174.30&amp;apos;, os.name: &amp;apos;Windows Server 2008 R2&amp;apos;, os.arch: &amp;apos;x86&amp;apos;, os.version: &amp;apos;6.1&amp;apos;, java.version: &amp;apos;1.8.0_40&amp;apos;
Driver info: org.openqa.selenium.chrome.ChromeDriver
Capabilities [{applicationCacheEnabled=false, rotatable=false, mobileEmulationEnabled=false, chrome={userDataDir=C:\Users\ADMINI~1\AppData\Local\Temp\2\scoped_dir5032_6141}, takesHeapSnapshot=true, databaseEnabled=false, handlesAlerts=true, version=42.0.2311.90, platform=XP, browserConnectionEnabled=false, nativeEvents=true, acceptSslCerts=true, locationContextEnabled=true, webStorageEnabled=true, browserName=chrome, takesScreenshot=true, javascriptEnabled=true, cssSelectorsEnabled=true}]
Session ID: dacaaf3119a59646df33499410858c9f
    at new bot.Error (C:\Eclipse\release-automation\trunk-smoke\nolio\platform\server\ui\nl-build-utils\node_modules\protractor\node_modules\selenium-webdriver\lib\atoms\error.js:113:18)
    at Object.bot.response.checkResponse (C:\Eclipse\release-automation\trunk-smoke\nolio\platform\server\ui\nl-build-utils\node_modules\protractor\node_modules\selenium-webdriver\lib\atoms\response.js:106:9)
    at C:\Eclipse\release-automation\trunk-smoke\nolio\platform\server\ui\nl-build-utils\node_modules\protractor\node_modules\selenium-webdriver\lib\webdriver\webdriver.js:362:20
    at C:\Eclipse\release-automation\trunk-smoke\nolio\platform\server\ui\nl-build-utils\node_modules\protractor\node_modules\selenium-webdriver\lib\goog\base.js:1582:15
    at [object Object].webdriver.promise.ControlFlow.runInNewFrame_ (C:\Eclipse\release-automation\trunk-smoke\nolio\platform\server\ui\nl-build-utils\node_modules\protractor\node_modules\selenium-webdriver\lib\webdriver\promise.js:1654:20)
    at notify (C:\Eclipse\release-automation\trunk-smoke\nolio\platform\server\ui\nl-build-utils\node_modules\protractor\node_modules\selenium-webdriver\lib\webdriver\promise.js:465:12)
    at notifyAll (C:\Eclipse\release-automation\trunk-smoke\nolio\platform\server\ui\nl-build-utils\node_modules\protractor\node_modules\selenium-webdriver\lib\webdriver\promise.js:442:7)
    at resolve (C:\Eclipse\release-automation\trunk-smoke\nolio\platform\server\ui\nl-build-utils\node_modules\protractor\node_modules\selenium-webdriver\lib\webdriver\promise.js:420:7)
    at [object Object].fulfill (C:\Eclipse\release-automation\trunk-smoke\nolio\platform\server\ui\nl-build-utils\node_modules\protractor\node_modules\selenium-webdriver\lib\webdriver\promise.js:535:5)
    at C:\Eclipse\release-automation\trunk-smoke\nolio\platform\server\ui\nl-build-utils\node_modules\protractor\node_modules\selenium-webdriver\lib\webdriver\promise.js:1520:10
==== async task ====
WebElement.click()
    at [object Object].webdriver.WebDriver.schedule (C:\Eclipse\release-automation\trunk-smoke\nolio\platform\server\ui\nl-build-utils\node_modules\protractor\node_modules\selenium-webdriver\lib\webdriver\webdriver.js:345:15)
    at [object Object].webdriver.WebElement.schedule_ (C:\Eclipse\release-automation\trunk-smoke\nolio\platform\server\ui\nl-build-utils\node_modules\protractor\node_modules\selenium-webdriver\lib\webdriver\webdriver.js:1727:23)
    at [object Object].webdriver.WebElement.click (C:\Eclipse\release-automation\trunk-smoke\nolio\platform\server\ui\nl-build-utils\node_modules\protractor\node_modules\selenium-webdriver\lib\webdriver\webdriver.js:1832:15)
    at actionFn (C:\Eclipse\release-automation\trunk-smoke\nolio\platform\server\ui\nl-build-utils\node_modules\protractor\lib\element.js:75:32)
    at C:\Eclipse\release-automation\trunk-smoke\nolio\platform\server\ui\nl-build-utils\node_modules\protractor\lib\element.js:394:17
    at Array.forEach (native)
    at C:\Eclipse\release-automation\trunk-smoke\nolio\platform\server\ui\nl-build-utils\node_modules\protractor\lib\element.js:393:9
    at C:\Eclipse\release-automation\trunk-smoke\nolio\platform\server\ui\nl-build-utils\node_modules\protractor\node_modules\selenium-webdriver\lib\goog\base.js:1582:15
    at [object Object].webdriver.promise.ControlFlow.runInNewFrame_ (C:\Eclipse\release-automation\trunk-smoke\nolio\platform\server\ui\nl-build-utils\node_modules\protractor\node_modules\selenium-webdriver\lib\webdriver\promise.js:1654:20)
==== async task ====
Asynchronous test function: beforeEach()
    at [object Object].&amp;lt;anonymous&amp;gt; (C:\Eclipse\release-automation\trunk-smoke\nolio\platform\server\ui\nl-build-utils\node_modules\protractor\node_modules\jasminewd\index.js:93:33)
    at [object Object].&amp;lt;anonymous&amp;gt; (C:\Eclipse\release-automation\trunk-smoke\nolio\platform\server\ui\nl-build-utils\node_modules\protractor\node_modules\minijasminenode\lib\async-callback.js:45:37)
    at [object Object].jasmine.Block.execute (C:\Eclipse\release-automation\trunk-smoke\nolio\platform\server\ui\nl-build-utils\node_modules\protractor\node_modules\minijasminenode\lib\jasmine-1.3.1.js:1174:17)
    at [object Object].jasmine.Queue.next_ (C:\Eclipse\release-automation\trunk-smoke\nolio\platform\server\ui\nl-build-utils\node_modules\protractor\node_modules\minijasminenode\lib\jasmine-1.3.1.js:2209:31)
    at [object Object]._onTimeout (C:\Eclipse\release-automation\trunk-smoke\nolio\platform\server\ui\nl-build-utils\node_modules\protractor\node_modules\minijasminenode\lib\jasmine-1.3.1.js:2199:18)
    at Timer.listOnTimeout (timers.js:110:15)
Error
    at [object Object].ElementArrayFinder.applyAction_ (C:\Eclipse\release-automation\trunk-smoke\nolio\platform\server\ui\nl-build-utils\node_modules\protractor\lib\element.js:390:21)
    at [object Object].self.(anonymous function) [as click] (C:\Eclipse\release-automation\trunk-smoke\nolio\platform\server\ui\nl-build-utils\node_modules\protractor\lib\element.js:77:19)
    at [object Object].self.(anonymous function) [as click] (C:\Eclipse\release-automation\trunk-smoke\nolio\platform\server\ui\nl-build-utils\node_modules\protractor\lib\element.js:698:11)
    at [object Object].clickDeleteIconOfDashboard (C:\Eclipse\release-automation\trunk-smoke\nolio\platform\server\ui\web-ui\test\protractor\shared\pages\dashboardPage.js:252:29)
    at [object Object].deleteDashboard (C:\Eclipse\release-automation\trunk-smoke\nolio\platform\server\ui\web-ui\test\protractor\shared\pages\dashboardPage.js:409:14)
    at C:\Eclipse\release-automation\trunk-smoke\nolio\platform\server\ui\web-ui\test\protractor\shared\pages\dashboardPage.js:419:24
    at C:\Eclipse\release-automation\trunk-smoke\nolio\platform\server\ui\nl-build-utils\node_modules\protractor\lib\element.js:770:12
    at C:\Eclipse\release-automation\trunk-smoke\nolio\platform\server\ui\nl-build-utils\node_modules\protractor\node_modules\selenium-webdriver\lib\goog\base.js:1582:15
    at [object Object].webdriver.promise.ControlFlow.runInNewFrame_ (C:\Eclipse\release-automation\trunk-smoke\nolio\platform\server\ui\nl-build-utils\node_modules\protractor\node_modules\selenium-webdriver\lib\webdriver\promise.js:1654:20)
    at notify (C:\Eclipse\release-automation\trunk-smoke\nolio\platform\server\ui\nl-build-utils\node_modules\protractor\node_modules\selenium-webdriver\lib\webdriver\promise.js:465:12)==== async task ====
Error
    at [object Object].&amp;lt;anonymous&amp;gt; (C:\Eclipse\release-automation\trunk-smoke\nolio\platform\server\ui\web-ui\test\protractor\suites\reports\dashboard.e2e.test.js:236:9)
    at [object Object].jasmine.Env.describe_ (C:\Eclipse\release-automation\trunk-smoke\nolio\platform\server\ui\nl-build-utils\node_modules\protractor\node_modules\minijasminenode\lib\jasmine-1.3.1.js:913:21)
    at [object Object].jasmine.Env.describe (C:\Eclipse\release-automation\trunk-smoke\nolio\platform\server\ui\nl-build-utils\node_modules\protractor\node_modules\minijasminenode\lib\jasmine-1.3.1.js:898:15)
    at describe (C:\Eclipse\release-automation\trunk-smoke\nolio\platform\server\ui\nl-build-utils\node_modules\protractor\node_modules\minijasminenode\lib\jasmine-1.3.1.js:658:27)
    at [object Object].&amp;lt;anonymous&amp;gt; (C:\Eclipse\release-automation\trunk-smoke\nolio\platform\server\ui\web-ui\test\protractor\suites\reports\dashboard.e2e.test.js:235:5)
    at [object Object].jasmine.Env.describe_ (C:\Eclipse\release-automation\trunk-smoke\nolio\platform\server\ui\nl-build-utils\node_modules\protractor\node_modules\minijasminenode\lib\jasmine-1.3.1.js:913:21)
    at [object Object].jasmine.Env.describe (C:\Eclipse\release-automation\trunk-smoke\nolio\platform\server\ui\nl-build-utils\node_modules\protractor\node_modules\minijasminenode\lib\jasmine-1.3.1.js:898:15)
    at describe (C:\Eclipse\release-automation\trunk-smoke\nolio\platform\server\ui\nl-build-utils\node_modules\protractor\node_modules\minijasminenode\lib\jasmine-1.3.1.js:658:27)
    at Object.&amp;lt;anonymous&amp;gt; (C:\Eclipse\release-automation\trunk-smoke\nolio\platform\server\ui\web-ui\test\protractor\suites\reports\dashboard.e2e.test.js:18:1)</failure><failure type="expect" message="Error: Wait timed out after 10132ms">Error: Wait timed out after 10132ms
    at C:\Eclipse\release-automation\trunk-smoke\nolio\platform\server\ui\nl-build-utils\node_modules\protractor\node_modules\selenium-webdriver\lib\webdriver\promise.js:1425:29
    at C:\Eclipse\release-automation\trunk-smoke\nolio\platform\server\ui\nl-build-utils\node_modules\protractor\node_modules\selenium-webdriver\lib\goog\base.js:1582:15
    at [object Object].webdriver.promise.ControlFlow.runInNewFrame_ (C:\Eclipse\release-automation\trunk-smoke\nolio\platform\server\ui\nl-build-utils\node_modules\protractor\node_modules\selenium-webdriver\lib\webdriver\promise.js:1654:20)
    at notify (C:\Eclipse\release-automation\trunk-smoke\nolio\platform\server\ui\nl-build-utils\node_modules\protractor\node_modules\selenium-webdriver\lib\webdriver\promise.js:465:12)
    at [object Object].then (C:\Eclipse\release-automation\trunk-smoke\nolio\platform\server\ui\nl-build-utils\node_modules\protractor\node_modules\selenium-webdriver\lib\webdriver\promise.js:522:7)
    at Object.webdriver.promise.asap (C:\Eclipse\release-automation\trunk-smoke\nolio\platform\server\ui\nl-build-utils\node_modules\protractor\node_modules\selenium-webdriver\lib\webdriver\promise.js:767:11)
    at newFrame.onComplete (C:\Eclipse\release-automation\trunk-smoke\nolio\platform\server\ui\nl-build-utils\node_modules\protractor\node_modules\selenium-webdriver\lib\webdriver\promise.js:1670:25)
    at [object Object].webdriver.promise.Frame_.notify_ (C:\Eclipse\release-automation\trunk-smoke\nolio\platform\server\ui\nl-build-utils\node_modules\protractor\node_modules\selenium-webdriver\lib\webdriver\promise.js:1914:5)
    at [object Object]._onTimeout (C:\Eclipse\release-automation\trunk-smoke\nolio\platform\server\ui\nl-build-utils\node_modules\protractor\node_modules\selenium-webdriver\lib\webdriver\promise.js:1901:11)
    at Timer.listOnTimeout (timers.js:110:15)
==== async task ====
    at [object Object].webdriver.promise.ControlFlow.wait (C:\Eclipse\release-automation\trunk-smoke\nolio\platform\server\ui\nl-build-utils\node_modules\protractor\node_modules\selenium-webdriver\lib\webdriver\promise.js:1410:15)
    at [object Object].webdriver.WebDriver.wait (C:\Eclipse\release-automation\trunk-smoke\nolio\platform\server\ui\nl-build-utils\node_modules\protractor\node_modules\selenium-webdriver\lib\webdriver\webdriver.js:646:21)
    at [object Object].waitForElementPresent (C:\Eclipse\release-automation\trunk-smoke\nolio\platform\server\ui\web-ui\test\protractor\shared\pages\dashboardPage.js:242:24)
    at [object Object].activeDashboard (C:\Eclipse\release-automation\trunk-smoke\nolio\platform\server\ui\web-ui\test\protractor\shared\pages\dashboardPage.js:192:14)
    at [object Object].&amp;lt;anonymous&amp;gt; (C:\Eclipse\release-automation\trunk-smoke\nolio\platform\server\ui\web-ui\test\protractor\suites\reports\dashboard.e2e.test.js:258:27)
    at C:\Eclipse\release-automation\trunk-smoke\nolio\platform\server\ui\nl-build-utils\node_modules\protractor\node_modules\jasminewd\index.js:94:14
    at [object Object].webdriver.promise.ControlFlow.runInNewFrame_ (C:\Eclipse\release-automation\trunk-smoke\nolio\platform\server\ui\nl-build-utils\node_modules\protractor\node_modules\selenium-webdriver\lib\webdriver\promise.js:1654:20)
    at [object Object].webdriver.promise.ControlFlow.runEventLoop_ (C:\Eclipse\release-automation\trunk-smoke\nolio\platform\server\ui\nl-build-utils\node_modules\protractor\node_modules\selenium-webdriver\lib\webdriver\promise.js:1518:8)
    at [object Object].wrapper [as _onTimeout] (timers.js:265:14)
==== async task ====
Asynchronous test function: it()
    at [object Object].&amp;lt;anonymous&amp;gt; (C:\Eclipse\release-automation\trunk-smoke\nolio\platform\server\ui\nl-build-utils\node_modules\protractor\node_modules\jasminewd\index.js:93:33)
    at [object Object].&amp;lt;anonymous&amp;gt; (C:\Eclipse\release-automation\trunk-smoke\nolio\platform\server\ui\nl-build-utils\node_modules\protractor\node_modules\minijasminenode\lib\async-callback.js:45:37)
    at [object Object].jasmine.Block.execute (C:\Eclipse\release-automation\trunk-smoke\nolio\platform\server\ui\nl-build-utils\node_modules\protractor\node_modules\minijasminenode\lib\jasmine-1.3.1.js:1174:17)
    at [object Object].jasmine.Queue.next_ (C:\Eclipse\release-automation\trunk-smoke\nolio\platform\server\ui\nl-build-utils\node_modules\protractor\node_modules\minijasminenode\lib\jasmine-1.3.1.js:2209:31)
    at [object Object]._onTimeout (C:\Eclipse\release-automation\trunk-smoke\nolio\platform\server\ui\nl-build-utils\node_modules\protractor\node_modules\minijasminenode\lib\jasmine-1.3.1.js:2199:18)
    at Timer.listOnTimeout (timers.js:110:15)==== async task ====
Error
    at [object Object].&amp;lt;anonymous&amp;gt; (C:\Eclipse\release-automation\trunk-smoke\nolio\platform\server\ui\web-ui\test\protractor\suites\reports\dashboard.e2e.test.js:256:9)
    at [object Object].jasmine.Env.describe_ (C:\Eclipse\release-automation\trunk-smoke\nolio\platform\server\ui\nl-build-utils\node_modules\protractor\node_modules\minijasminenode\lib\jasmine-1.3.1.js:913:21)
    at [object Object].jasmine.Env.describe (C:\Eclipse\release-automation\trunk-smoke\nolio\platform\server\ui\nl-build-utils\node_modules\protractor\node_modules\minijasminenode\lib\jasmine-1.3.1.js:898:15)
    at describe (C:\Eclipse\release-automation\trunk-smoke\nolio\platform\server\ui\nl-build-utils\node_modules\protractor\node_modules\minijasminenode\lib\jasmine-1.3.1.js:658:27)
    at [object Object].&amp;lt;anonymous&amp;gt; (C:\Eclipse\release-automation\trunk-smoke\nolio\platform\server\ui\web-ui\test\protractor\suites\reports\dashboard.e2e.test.js:235:5)
    at [object Object].jasmine.Env.describe_ (C:\Eclipse\release-automation\trunk-smoke\nolio\platform\server\ui\nl-build-utils\node_modules\protractor\node_modules\minijasminenode\lib\jasmine-1.3.1.js:913:21)
    at [object Object].jasmine.Env.describe (C:\Eclipse\release-automation\trunk-smoke\nolio\platform\server\ui\nl-build-utils\node_modules\protractor\node_modules\minijasminenode\lib\jasmine-1.3.1.js:898:15)
    at describe (C:\Eclipse\release-automation\trunk-smoke\nolio\platform\server\ui\nl-build-utils\node_modules\protractor\node_modules\minijasminenode\lib\jasmine-1.3.1.js:658:27)
    at Object.&amp;lt;anonymous&amp;gt; (C:\Eclipse\release-automation\trunk-smoke\nolio\platform\server\ui\web-ui\test\protractor\suites\reports\dashboard.e2e.test.js:18:1)</failure><failure type="expect" message="UnknownError: unknown error: Element is not clickable at point (222, 96). Other element would receive the click: &amp;lt;div tabindex=&amp;quot;-1&amp;quot; role=&amp;quot;dialog&amp;quot; class=&amp;quot;modal fade ng-isolate-scope add-widget-window in&amp;quot; ng-class=&amp;quot;{in: animate}&amp;quot; ng-style=&amp;quot;{&amp;apos;z-index&amp;apos;: 1050 + index*10, display: &amp;apos;block&amp;apos;}&amp;quot; ng-click=&amp;quot;close($event)&amp;quot; modal-window=&amp;quot;&amp;quot; window-class=&amp;quot;add-widget-window&amp;quot; index=&amp;quot;0&amp;quot; animate=&amp;quot;animate&amp;quot; style=&amp;quot;z-index: 1050; display: block;&amp;quot;&amp;gt;...&amp;lt;/div&amp;gt;
  (Session info: chrome=42.0.2311.90)
  (Driver info: chromedriver=2.14.313457 (3d645c400edf2e2c500566c9aa096063e707c9cf),platform=Windows NT 6.1 SP1 x86_64) (WARNING: The server did not provide any stacktrace information)
Command duration or timeout: 28 milliseconds
Build info: version: &amp;apos;2.45.0&amp;apos;, revision: &amp;apos;5017cb8&amp;apos;, time: &amp;apos;2015-02-26 23:59:50&amp;apos;
System info: host: &amp;apos;RA-NTLY-4084&amp;apos;, ip: &amp;apos;10.130.174.30&amp;apos;, os.name: &amp;apos;Windows Server 2008 R2&amp;apos;, os.arch: &amp;apos;x86&amp;apos;, os.version: &amp;apos;6.1&amp;apos;, java.version: &amp;apos;1.8.0_40&amp;apos;
Driver info: org.openqa.selenium.chrome.ChromeDriver
Capabilities [{applicationCacheEnabled=false, rotatable=false, mobileEmulationEnabled=false, chrome={userDataDir=C:\Users\ADMINI~1\AppData\Local\Temp\2\scoped_dir5032_6141}, takesHeapSnapshot=true, databaseEnabled=false, handlesAlerts=true, version=42.0.2311.90, platform=XP, browserConnectionEnabled=false, nativeEvents=true, acceptSslCerts=true, locationContextEnabled=true, webStorageEnabled=true, browserName=chrome, takesScreenshot=true, javascriptEnabled=true, cssSelectorsEnabled=true}]
Session ID: dacaaf3119a59646df33499410858c9f">UnknownError: unknown error: Element is not clickable at point (222, 96). Other element would receive the click: &amp;lt;div tabindex=&amp;quot;-1&amp;quot; role=&amp;quot;dialog&amp;quot; class=&amp;quot;modal fade ng-isolate-scope add-widget-window in&amp;quot; ng-class=&amp;quot;{in: animate}&amp;quot; ng-style=&amp;quot;{&amp;apos;z-index&amp;apos;: 1050 + index*10, display: &amp;apos;block&amp;apos;}&amp;quot; ng-click=&amp;quot;close($event)&amp;quot; modal-window=&amp;quot;&amp;quot; window-class=&amp;quot;add-widget-window&amp;quot; index=&amp;quot;0&amp;quot; animate=&amp;quot;animate&amp;quot; style=&amp;quot;z-index: 1050; display: block;&amp;quot;&amp;gt;...&amp;lt;/div&amp;gt;
  (Session info: chrome=42.0.2311.90)
  (Driver info: chromedriver=2.14.313457 (3d645c400edf2e2c500566c9aa096063e707c9cf),platform=Windows NT 6.1 SP1 x86_64) (WARNING: The server did not provide any stacktrace information)
Command duration or timeout: 28 milliseconds
Build info: version: &amp;apos;2.45.0&amp;apos;, revision: &amp;apos;5017cb8&amp;apos;, time: &amp;apos;2015-02-26 23:59:50&amp;apos;
System info: host: &amp;apos;RA-NTLY-4084&amp;apos;, ip: &amp;apos;10.130.174.30&amp;apos;, os.name: &amp;apos;Windows Server 2008 R2&amp;apos;, os.arch: &amp;apos;x86&amp;apos;, os.version: &amp;apos;6.1&amp;apos;, java.version: &amp;apos;1.8.0_40&amp;apos;
Driver info: org.openqa.selenium.chrome.ChromeDriver
Capabilities [{applicationCacheEnabled=false, rotatable=false, mobileEmulationEnabled=false, chrome={userDataDir=C:\Users\ADMINI~1\AppData\Local\Temp\2\scoped_dir5032_6141}, takesHeapSnapshot=true, databaseEnabled=false, handlesAlerts=true, version=42.0.2311.90, platform=XP, browserConnectionEnabled=false, nativeEvents=true, acceptSslCerts=true, locationContextEnabled=true, webStorageEnabled=true, browserName=chrome, takesScreenshot=true, javascriptEnabled=true, cssSelectorsEnabled=true}]
Session ID: dacaaf3119a59646df33499410858c9f
    at new bot.Error (C:\Eclipse\release-automation\trunk-smoke\nolio\platform\server\ui\nl-build-utils\node_modules\protractor\node_modules\selenium-webdriver\lib\atoms\error.js:113:18)
    at Object.bot.response.checkResponse (C:\Eclipse\release-automation\trunk-smoke\nolio\platform\server\ui\nl-build-utils\node_modules\protractor\node_modules\selenium-webdriver\lib\atoms\response.js:106:9)
    at C:\Eclipse\release-automation\trunk-smoke\nolio\platform\server\ui\nl-build-utils\node_modules\protractor\node_modules\selenium-webdriver\lib\webdriver\webdriver.js:362:20
    at C:\Eclipse\release-automation\trunk-smoke\nolio\platform\server\ui\nl-build-utils\node_modules\protractor\node_modules\selenium-webdriver\lib\goog\base.js:1582:15
    at [object Object].webdriver.promise.ControlFlow.runInNewFrame_ (C:\Eclipse\release-automation\trunk-smoke\nolio\platform\server\ui\nl-build-utils\node_modules\protractor\node_modules\selenium-webdriver\lib\webdriver\promise.js:1654:20)
    at notify (C:\Eclipse\release-automation\trunk-smoke\nolio\platform\server\ui\nl-build-utils\node_modules\protractor\node_modules\selenium-webdriver\lib\webdriver\promise.js:465:12)
    at notifyAll (C:\Eclipse\release-automation\trunk-smoke\nolio\platform\server\ui\nl-build-utils\node_modules\protractor\node_modules\selenium-webdriver\lib\webdriver\promise.js:442:7)
    at resolve (C:\Eclipse\release-automation\trunk-smoke\nolio\platform\server\ui\nl-build-utils\node_modules\protractor\node_modules\selenium-webdriver\lib\webdriver\promise.js:420:7)
    at [object Object].fulfill (C:\Eclipse\release-automation\trunk-smoke\nolio\platform\server\ui\nl-build-utils\node_modules\protractor\node_modules\selenium-webdriver\lib\webdriver\promise.js:535:5)
    at C:\Eclipse\release-automation\trunk-smoke\nolio\platform\server\ui\nl-build-utils\node_modules\protractor\node_modules\selenium-webdriver\lib\webdriver\promise.js:1520:10
==== async task ====
WebElement.click()
    at [object Object].webdriver.WebDriver.schedule (C:\Eclipse\release-automation\trunk-smoke\nolio\platform\server\ui\nl-build-utils\node_modules\protractor\node_modules\selenium-webdriver\lib\webdriver\webdriver.js:345:15)
    at [object Object].webdriver.WebElement.schedule_ (C:\Eclipse\release-automation\trunk-smoke\nolio\platform\server\ui\nl-build-utils\node_modules\protractor\node_modules\selenium-webdriver\lib\webdriver\webdriver.js:1727:23)
    at [object Object].webdriver.WebElement.click (C:\Eclipse\release-automation\trunk-smoke\nolio\platform\server\ui\nl-build-utils\node_modules\protractor\node_modules\selenium-webdriver\lib\webdriver\webdriver.js:1832:15)
    at actionFn (C:\Eclipse\release-automation\trunk-smoke\nolio\platform\server\ui\nl-build-utils\node_modules\protractor\lib\element.js:75:32)
    at C:\Eclipse\release-automation\trunk-smoke\nolio\platform\server\ui\nl-build-utils\node_modules\protractor\lib\element.js:394:17
    at Array.forEach (native)
    at C:\Eclipse\release-automation\trunk-smoke\nolio\platform\server\ui\nl-build-utils\node_modules\protractor\lib\element.js:393:9
    at C:\Eclipse\release-automation\trunk-smoke\nolio\platform\server\ui\nl-build-utils\node_modules\protractor\node_modules\selenium-webdriver\lib\goog\base.js:1582:15
    at [object Object].webdriver.promise.ControlFlow.runInNewFrame_ (C:\Eclipse\release-automation\trunk-smoke\nolio\platform\server\ui\nl-build-utils\node_modules\protractor\node_modules\selenium-webdriver\lib\webdriver\promise.js:1654:20)
==== async task ====
Asynchronous test function: afterEach()
    at [object Object].&amp;lt;anonymous&amp;gt; (C:\Eclipse\release-automation\trunk-smoke\nolio\platform\server\ui\nl-build-utils\node_modules\protractor\node_modules\jasminewd\index.js:93:33)
    at [object Object].&amp;lt;anonymous&amp;gt; (C:\Eclipse\release-automation\trunk-smoke\nolio\platform\server\ui\nl-build-utils\node_modules\protractor\node_modules\minijasminenode\lib\async-callback.js:45:37)
    at [object Object].jasmine.Block.execute (C:\Eclipse\release-automation\trunk-smoke\nolio\platform\server\ui\nl-build-utils\node_modules\protractor\node_modules\minijasminenode\lib\jasmine-1.3.1.js:1174:17)
    at [object Object].jasmine.Queue.next_ (C:\Eclipse\release-automation\trunk-smoke\nolio\platform\server\ui\nl-build-utils\node_modules\protractor\node_modules\minijasminenode\lib\jasmine-1.3.1.js:2209:31)
    at [object Object]._onTimeout (C:\Eclipse\release-automation\trunk-smoke\nolio\platform\server\ui\nl-build-utils\node_modules\protractor\node_modules\minijasminenode\lib\jasmine-1.3.1.js:2199:18)
    at Timer.listOnTimeout (timers.js:110:15)
Error
    at [object Object].ElementArrayFinder.applyAction_ (C:\Eclipse\release-automation\trunk-smoke\nolio\platform\server\ui\nl-build-utils\node_modules\protractor\lib\element.js:390:21)
    at [object Object].self.(anonymous function) [as click] (C:\Eclipse\release-automation\trunk-smoke\nolio\platform\server\ui\nl-build-utils\node_modules\protractor\lib\element.js:77:19)
    at [object Object].self.(anonymous function) [as click] (C:\Eclipse\release-automation\trunk-smoke\nolio\platform\server\ui\nl-build-utils\node_modules\protractor\lib\element.js:698:11)
    at [object Object].clickDeleteIconOfDashboard (C:\Eclipse\release-automation\trunk-smoke\nolio\platform\server\ui\web-ui\test\protractor\shared\pages\dashboardPage.js:252:29)
    at [object Object].deleteDashboard (C:\Eclipse\release-automation\trunk-smoke\nolio\platform\server\ui\web-ui\test\protractor\shared\pages\dashboardPage.js:409:14)
    at C:\Eclipse\release-automation\trunk-smoke\nolio\platform\server\ui\web-ui\test\protractor\shared\pages\dashboardPage.js:419:24
    at C:\Eclipse\release-automation\trunk-smoke\nolio\platform\server\ui\nl-build-utils\node_modules\protractor\lib\element.js:770:12
    at C:\Eclipse\release-automation\trunk-smoke\nolio\platform\server\ui\nl-build-utils\node_modules\protractor\node_modules\selenium-webdriver\lib\goog\base.js:1582:15
    at [object Object].webdriver.promise.ControlFlow.runInNewFrame_ (C:\Eclipse\release-automation\trunk-smoke\nolio\platform\server\ui\nl-build-utils\node_modules\protractor\node_modules\selenium-webdriver\lib\webdriver\promise.js:1654:20)
    at notify (C:\Eclipse\release-automation\trunk-smoke\nolio\platform\server\ui\nl-build-utils\node_modules\protractor\node_modules\selenium-webdriver\lib\webdriver\promise.js:465:12)==== async task ====
Error
    at [object Object].&amp;lt;anonymous&amp;gt; (C:\Eclipse\release-automation\trunk-smoke\nolio\platform\server\ui\web-ui\test\protractor\suites\reports\dashboard.e2e.test.js:265:9)
    at [object Object].jasmine.Env.describe_ (C:\Eclipse\release-automation\trunk-smoke\nolio\platform\server\ui\nl-build-utils\node_modules\protractor\node_modules\minijasminenode\lib\jasmine-1.3.1.js:913:21)
    at [object Object].jasmine.Env.describe (C:\Eclipse\release-automation\trunk-smoke\nolio\platform\server\ui\nl-build-utils\node_modules\protractor\node_modules\minijasminenode\lib\jasmine-1.3.1.js:898:15)
    at describe (C:\Eclipse\release-automation\trunk-smoke\nolio\platform\server\ui\nl-build-utils\node_modules\protractor\node_modules\minijasminenode\lib\jasmine-1.3.1.js:658:27)
    at [object Object].&amp;lt;anonymous&amp;gt; (C:\Eclipse\release-automation\trunk-smoke\nolio\platform\server\ui\web-ui\test\protractor\suites\reports\dashboard.e2e.test.js:235:5)
    at [object Object].jasmine.Env.describe_ (C:\Eclipse\release-automation\trunk-smoke\nolio\platform\server\ui\nl-build-utils\node_modules\protractor\node_modules\minijasminenode\lib\jasmine-1.3.1.js:913:21)
    at [object Object].jasmine.Env.describe (C:\Eclipse\release-automation\trunk-smoke\nolio\platform\server\ui\nl-build-utils\node_modules\protractor\node_modules\minijasminenode\lib\jasmine-1.3.1.js:898:15)
    at describe (C:\Eclipse\release-automation\trunk-smoke\nolio\platform\server\ui\nl-build-utils\node_modules\protractor\node_modules\minijasminenode\lib\jasmine-1.3.1.js:658:27)
    at Object.&amp;lt;anonymous&amp;gt; (C:\Eclipse\release-automation\trunk-smoke\nolio\platform\server\ui\web-ui\test\protractor\suites\reports\dashboard.e2e.test.js:18:1)</failure></testcase>
</testsuite>
<testsuite name="Dashboard REPORTP1.Tab Status Preservation." errors="0" tests="1" failures="1" time="22.399" timestamp="2015-04-30T09:18:00">
[...]
    at Object.bot.response.checkResponse (C:\Eclipse\release-automation\trunk-smoke\nolio\platform\server\ui\nl-build-utils\node_modules\protractor\node_modules\selenium-webdriver\lib\atoms\response.js:106:9)
    at C:\Eclipse\release-automation\trunk-smoke\nolio\platform\server\ui\nl-build-utils\node_modules\protractor\node_modules\selenium-webdriver\lib\webdriver\webdriver.js:362:20
    at C:\Eclipse\release-automation\trunk-smoke\nolio\platform\server\ui\nl-build-utils\node_modules\protractor\node_modules\selenium-webdriver\lib\goog\base.js:1582:15
    at [object Object].webdriver.promise.ControlFlow.runInNewFrame_ (C:\Eclipse\release-automation\trunk-smoke\nolio\platform\server\ui\nl-build-utils\node_modules\protractor\node_modules\selenium-webdriver\lib\webdriver\promise.js:1654:20)
    at notify (C:\Eclipse\release-automation\trunk-smoke\nolio\platform\server\ui\nl-build-utils\node_modules\protractor\node_modules\selenium-webdriver\lib\webdriver\promise.js:465:12)
    at notifyAll (C:\Eclipse\release-automation\trunk-smoke\nolio\platform\server\ui\nl-build-utils\node_modules\protractor\node_modules\selenium-webdriver\lib\webdriver\promise.js:442:7)
    at resolve (C:\Eclipse\release-automation\trunk-smoke\nolio\platform\server\ui\nl-build-utils\node_modules\protractor\node_modules\selenium-webdriver\lib\webdriver\promise.js:420:7)
    at [object Object].fulfill (C:\Eclipse\release-automation\trunk-smoke\nolio\platform\server\ui\nl-build-utils\node_modules\protractor\node_modules\selenium-webdriver\lib\webdriver\promise.js:535:5)
    at C:\Eclipse\release-automation\trunk-smoke\nolio\platform\server\ui\nl-build-utils\node_modules\protractor\node_modules\selenium-webdriver\lib\webdriver\promise.js:1520:10
==== async task ====
WebElement.click()
    at [object Object].webdriver.WebDriver.schedule (C:\Eclipse\release-automation\trunk-smoke\nolio\platform\server\ui\nl-build-utils\node_modules\protractor\node_modules\selenium-webdriver\lib\webdriver\webdriver.js:345:15)
    at [object Object].webdriver.WebElement.schedule_ (C:\Eclipse\release-automation\trunk-smoke\nolio\platform\server\ui\nl-build-utils\node_modules\protractor\node_modules\selenium-webdriver\lib\webdriver\webdriver.js:1727:23)
    at [object Object].webdriver.WebElement.click (C:\Eclipse\release-automation\trunk-smoke\nolio\platform\server\ui\nl-build-utils\node_modules\protractor\node_modules\selenium-webdriver\lib\webdriver\webdriver.js:1832:15)
    at actionFn (C:\Eclipse\release-automation\trunk-smoke\nolio\platform\server\ui\nl-build-utils\node_modules\protractor\lib\element.js:75:32)
    at C:\Eclipse\release-automation\trunk-smoke\nolio\platform\server\ui\nl-build-utils\node_modules\protractor\lib\element.js:394:17
    at Array.forEach (native)
    at C:\Eclipse\release-automation\trunk-smoke\nolio\platform\server\ui\nl-build-utils\node_modules\protractor\lib\element.js:393:9
    at C:\Eclipse\release-automation\trunk-smoke\nolio\platform\server\ui\nl-build-utils\node_modules\protractor\node_modules\selenium-webdriver\lib\goog\base.js:1582:15
    at [object Object].webdriver.promise.ControlFlow.runInNewFrame_ (C:\Eclipse\release-automation\trunk-smoke\nolio\platform\server\ui\nl-build-utils\node_modules\protractor\node_modules\selenium-webdriver\lib\webdriver\promise.js:1654:20)
==== async task ====
Asynchronous test function: it()
    at [object Object].&amp;lt;anonymous&amp;gt; (C:\Eclipse\release-automation\trunk-smoke\nolio\platform\server\ui\nl-build-utils\node_modules\protractor\node_modules\jasminewd\index.js:93:33)
    at [object Object].&amp;lt;anonymous&amp;gt; (C:\Eclipse\release-automation\trunk-smoke\nolio\platform\server\ui\nl-build-utils\node_modules\protractor\node_modules\minijasminenode\lib\async-callback.js:45:37)
    at [object Object].jasmine.Block.execute (C:\Eclipse\release-automation\trunk-smoke\nolio\platform\server\ui\nl-build-utils\node_modules\protractor\node_modules\minijasminenode\lib\jasmine-1.3.1.js:1174:17)
    at [object Object].jasmine.Queue.next_ (C:\Eclipse\release-automation\trunk-smoke\nolio\platform\server\ui\nl-build-utils\node_modules\protractor\node_modules\minijasminenode\lib\jasmine-1.3.1.js:2209:31)
    at [object Object]._onTimeout (C:\Eclipse\release-automation\trunk-smoke\nolio\platform\server\ui\nl-build-utils\node_modules\protractor\node_modules\minijasminenode\lib\jasmine-1.3.1.js:2199:18)
    at Timer.listOnTimeout (timers.js:110:15)
Error
    at [object Object].ElementArrayFinder.applyAction_ (C:\Eclipse\release-automation\trunk-smoke\nolio\platform\server\ui\nl-build-utils\node_modules\protractor\lib\element.js:390:21)
    at [object Object].self.(anonymous function) [as click] (C:\Eclipse\release-automation\trunk-smoke\nolio\platform\server\ui\nl-build-utils\node_modules\protractor\lib\element.js:77:19)
    at [object Object].self.(anonymous function) [as click] (C:\Eclipse\release-automation\trunk-smoke\nolio\platform\server\ui\nl-build-utils\node_modules\protractor\lib\element.js:698:11)
    at [object Object].deleteFirstWidgetInActiveDashboard (C:\Eclipse\release-automation\trunk-smoke\nolio\platform\server\ui\web-ui\test\protractor\shared\pages\dashboardPage.js:663:37)
    at [object Object].&amp;lt;anonymous&amp;gt; (C:\Eclipse\release-automation\trunk-smoke\nolio\platform\server\ui\web-ui\test\protractor\suites\reports\dashboard.e2e.test.js:527:31)
    at C:\Eclipse\release-automation\trunk-smoke\nolio\platform\server\ui\nl-build-utils\node_modules\protractor\node_modules\jasminewd\index.js:94:14
    at [object Object].webdriver.promise.ControlFlow.runInNewFrame_ (C:\Eclipse\release-automation\trunk-smoke\nolio\platform\server\ui\nl-build-utils\node_modules\protractor\node_modules\selenium-webdriver\lib\webdriver\promise.js:1654:20)
    at [object Object].webdriver.promise.ControlFlow.runEventLoop_ (C:\Eclipse\release-automation\trunk-smoke\nolio\platform\server\ui\nl-build-utils\node_modules\protractor\node_modules\selenium-webdriver\lib\webdriver\promise.js:1518:8)
    at [object Object].wrapper [as _onTimeout] (timers.js:265:14)
    at Timer.listOnTimeout (timers.js:110:15)==== async task ====
Error
    at [object Object].&amp;lt;anonymous&amp;gt; (C:\Eclipse\release-automation\trunk-smoke\nolio\platform\server\ui\web-ui\test\protractor\suites\reports\dashboard.e2e.test.js:526:13)
    at [object Object].jasmine.Env.describe_ (C:\Eclipse\release-automation\trunk-smoke\nolio\platform\server\ui\nl-build-utils\node_modules\protractor\node_modules\minijasminenode\lib\jasmine-1.3.1.js:913:21)
    at [object Object].jasmine.Env.describe (C:\Eclipse\release-automation\trunk-smoke\nolio\platform\server\ui\nl-build-utils\node_modules\protractor\node_modules\minijasminenode\lib\jasmine-1.3.1.js:898:15)
    at describe (C:\Eclipse\release-automation\trunk-smoke\nolio\platform\server\ui\nl-build-utils\node_modules\protractor\node_modules\minijasminenode\lib\jasmine-1.3.1.js:658:27)
    at [object Object].&amp;lt;anonymous&amp;gt; (C:\Eclipse\release-automation\trunk-smoke\nolio\platform\server\ui\web-ui\test\protractor\suites\reports\dashboard.e2e.test.js:467:9)
    at [object Object].jasmine.Env.describe_ (C:\Eclipse\release-automation\trunk-smoke\nolio\platform\server\ui\nl-build-utils\node_modules\protractor\node_modules\minijasminenode\lib\jasmine-1.3.1.js:913:21)
    at [object Object].jasmine.Env.describe (C:\Eclipse\release-automation\trunk-smoke\nolio\platform\server\ui\nl-build-utils\node_modules\protractor\node_modules\minijasminenode\lib\jasmine-1.3.1.js:898:15)
    at describe (C:\Eclipse\release-automation\trunk-smoke\nolio\platform\server\ui\nl-build-utils\node_modules\protractor\node_modules\minijasminenode\lib\jasmine-1.3.1.js:658:27)
    at [object Object].&amp;lt;anonymous&amp;gt; (C:\Eclipse\release-automation\trunk-smoke\nolio\platform\server\ui\web-ui\test\protractor\suites\reports\dashboard.e2e.test.js:465:5)</failure><failure type="expect" message="UnknownError: unknown error: Element is not clickable at point (222, 96). Other element would receive the click: &amp;lt;div tabindex=&amp;quot;-1&amp;quot; role=&amp;quot;dialog&amp;quot; class=&amp;quot;modal fade ng-isolate-scope add-widget-window in&amp;quot; ng-class=&amp;quot;{in: animate}&amp;quot; ng-style=&amp;quot;{&amp;apos;z-index&amp;apos;: 1050 + index*10, display: &amp;apos;block&amp;apos;}&amp;quot; ng-click=&amp;quot;close($event)&amp;quot; modal-window=&amp;quot;&amp;quot; window-class=&amp;quot;add-widget-window&amp;quot; index=&amp;quot;0&amp;quot; animate=&amp;quot;animate&amp;quot; style=&amp;quot;z-index: 1050; display: block;&amp;quot;&amp;gt;...&amp;lt;/div&amp;gt;
  (Session info: chrome=42.0.2311.90)
  (Driver info: chromedriver=2.14.313457 (3d645c400edf2e2c500566c9aa096063e707c9cf),platform=Windows NT 6.1 SP1 x86_64) (WARNING: The server did not provide any stacktrace information)
Command duration or timeout: 42 milliseconds
Build info: version: &amp;apos;2.45.0&amp;apos;, revision: &amp;apos;5017cb8&amp;apos;, time: &amp;apos;2015-02-26 23:59:50&amp;apos;
System info: host: &amp;apos;RA-NTLY-4084&amp;apos;, ip: &amp;apos;10.130.174.30&amp;apos;, os.name: &amp;apos;Windows Server 2008 R2&amp;apos;, os.arch: &amp;apos;x86&amp;apos;, os.version: &amp;apos;6.1&amp;apos;, java.version: &amp;apos;1.8.0_40&amp;apos;
Driver info: org.openqa.selenium.chrome.ChromeDriver
Capabilities [{applicationCacheEnabled=false, rotatable=false, mobileEmulationEnabled=false, chrome={userDataDir=C:\Users\ADMINI~1\AppData\Local\Temp\2\scoped_dir5032_6141}, takesHeapSnapshot=true, databaseEnabled=false, handlesAlerts=true, version=42.0.2311.90, platform=XP, browserConnectionEnabled=false, nativeEvents=true, acceptSslCerts=true, locationContextEnabled=true, webStorageEnabled=true, browserName=chrome, takesScreenshot=true, javascriptEnabled=true, cssSelectorsEnabled=true}]
Session ID: dacaaf3119a59646df33499410858c9f">UnknownError: unknown error: Element is not clickable at point (222, 96). Other element would receive the click: &amp;lt;div tabindex=&amp;quot;-1&amp;quot; role=&amp;quot;dialog&amp;quot; class=&amp;quot;modal fade ng-isolate-scope add-widget-window in&amp;quot; ng-class=&amp;quot;{in: animate}&amp;quot; ng-style=&amp;quot;{&amp;apos;z-index&amp;apos;: 1050 + index*10, display: &amp;apos;block&amp;apos;}&amp;quot; ng-click=&amp;quot;close($event)&amp;quot; modal-window=&amp;quot;&amp;quot; window-class=&amp;quot;add-widget-window&amp;quot; index=&amp;quot;0&amp;quot; animate=&amp;quot;animate&amp;quot; style=&amp;quot;z-index: 1050; display: block;&amp;quot;&amp;gt;...&amp;lt;/div&amp;gt;
  (Session info: chrome=42.0.2311.90)
  (Driver info: chromedriver=2.14.313457 (3d645c400edf2e2c500566c9aa096063e707c9cf),platform=Windows NT 6.1 SP1 x86_64) (WARNING: The server did not provide any stacktrace information)
Command duration or timeout: 42 milliseconds
Build info: version: &amp;apos;2.45.0&amp;apos;, revision: &amp;apos;5017cb8&amp;apos;, time: &amp;apos;2015-02-26 23:59:50&amp;apos;
System info: host: &amp;apos;RA-NTLY-4084&amp;apos;, ip: &amp;apos;10.130.174.30&amp;apos;, os.name: &amp;apos;Windows Server 2008 R2&amp;apos;, os.arch: &amp;apos;x86&amp;apos;, os.version: &amp;apos;6.1&amp;apos;, java.version: &amp;apos;1.8.0_40&amp;apos;
Driver info: org.openqa.selenium.chrome.ChromeDriver
Capabilities [{applicationCacheEnabled=false, rotatable=false, mobileEmulationEnabled=false, chrome={userDataDir=C:\Users\ADMINI~1\AppData\Local\Temp\2\scoped_dir5032_6141}, takesHeapSnapshot=true, databaseEnabled=false, handlesAlerts=true, version=42.0.2311.90, platform=XP, browserConnectionEnabled=false, nativeEvents=true, acceptSslCerts=true, locationContextEnabled=true, webStorageEnabled=true, browserName=chrome, takesScreenshot=true, javascriptEnabled=true, cssSelectorsEnabled=true}]
Session ID: dacaaf3119a59646df33499410858c9f
    at new bot.Error (C:\Eclipse\release-automation\trunk-smoke\nolio\platform\server\ui\nl-build-utils\node_modules\protractor\node_modules\selenium-webdriver\lib\atoms\error.js:113:18)
    at Object.bot.response.checkResponse (C:\Eclipse\release-automation\trunk-smoke\nolio\platform\server\ui\nl-build-utils\node_modules\protractor\node_modules\selenium-webdriver\lib\atoms\response.js:106:9)
    at C:\Eclipse\release-automation\trunk-smoke\nolio\platform\server\ui\nl-build-utils\node_modules\protractor\node_modules\selenium-webdriver\lib\webdriver\webdriver.js:362:20
    at C:\Eclipse\release-automation\trunk-smoke\nolio\platform\server\ui\nl-build-utils\node_modules\protractor\node_modules\selenium-webdriver\lib\goog\base.js:1582:15
    at [object Object].webdriver.promise.ControlFlow.runInNewFrame_ (C:\Eclipse\release-automation\trunk-smoke\nolio\platform\server\ui\nl-build-utils\node_modules\protractor\node_modules\selenium-webdriver\lib\webdriver\promise.js:1654:20)
    at notify (C:\Eclipse\release-automation\trunk-smoke\nolio\platform\server\ui\nl-build-utils\node_modules\protractor\node_modules\selenium-webdriver\lib\webdriver\promise.js:465:12)
    at notifyAll (C:\Eclipse\release-automation\trunk-smoke\nolio\platform\server\ui\nl-build-utils\node_modules\protractor\node_modules\selenium-webdriver\lib\webdriver\promise.js:442:7)
    at resolve (C:\Eclipse\release-automation\trunk-smoke\nolio\platform\server\ui\nl-build-utils\node_modules\protractor\node_modules\selenium-webdriver\lib\webdriver\promise.js:420:7)
    at [object Object].fulfill (C:\Eclipse\release-automation\trunk-smoke\nolio\platform\server\ui\nl-build-utils\node_modules\protractor\node_modules\selenium-webdriver\lib\webdriver\promise.js:535:5)
    at C:\Eclipse\release-automation\trunk-smoke\nolio\platform\server\ui\nl-build-utils\node_modules\protractor\node_modules\selenium-webdriver\lib\webdriver\promise.js:1520:10
==== async task ====
WebElement.click()
    at [object Object].webdriver.WebDriver.schedule (C:\Eclipse\release-automation\trunk-smoke\nolio\platform\server\ui\nl-build-utils\node_modules\protractor\node_modules\selenium-webdriver\lib\webdriver\webdriver.js:345:15)
    at [object Object].webdriver.WebElement.schedule_ (C:\Eclipse\release-automation\trunk-smoke\nolio\platform\server\ui\nl-build-utils\node_modules\protractor\node_modules\selenium-webdriver\lib\webdriver\webdriver.js:1727:23)
    at [object Object].webdriver.WebElement.click (C:\Eclipse\release-automation\trunk-smoke\nolio\platform\server\ui\nl-build-utils\node_modules\protractor\node_modules\selenium-webdriver\lib\webdriver\webdriver.js:1832:15)
    at actionFn (C:\Eclipse\release-automation\trunk-smoke\nolio\platform\server\ui\nl-build-utils\node_modules\protractor\lib\element.js:75:32)
    at C:\Eclipse\release-automation\trunk-smoke\nolio\platform\server\ui\nl-build-utils\node_modules\protractor\lib\element.js:394:17
    at Array.forEach (native)
    at C:\Eclipse\release-automation\trunk-smoke\nolio\platform\server\ui\nl-build-utils\node_modules\protractor\lib\element.js:393:9
    at C:\Eclipse\release-automation\trunk-smoke\nolio\platform\server\ui\nl-build-utils\node_modules\protractor\node_modules\selenium-webdriver\lib\goog\base.js:1582:15
    at [object Object].webdriver.promise.ControlFlow.runInNewFrame_ (C:\Eclipse\release-automation\trunk-smoke\nolio\platform\server\ui\nl-build-utils\node_modules\protractor\node_modules\selenium-webdriver\lib\webdriver\promise.js:1654:20)
==== async task ====
Asynchronous test function: afterEach()
    at [object Object].&amp;lt;anonymous&amp;gt; (C:\Eclipse\release-automation\trunk-smoke\nolio\platform\server\ui\nl-build-utils\node_modules\protractor\node_modules\jasminewd\index.js:93:33)
    at [object Object].&amp;lt;anonymous&amp;gt; (C:\Eclipse\release-automation\trunk-smoke\nolio\platform\server\ui\nl-build-utils\node_modules\protractor\node_modules\minijasminenode\lib\async-callback.js:45:37)
    at [object Object].jasmine.Block.execute (C:\Eclipse\release-automation\trunk-smoke\nolio\platform\server\ui\nl-build-utils\node_modules\protractor\node_modules\minijasminenode\lib\jasmine-1.3.1.js:1174:17)
    at [object Object].jasmine.Queue.next_ (C:\Eclipse\release-automation\trunk-smoke\nolio\platform\server\ui\nl-build-utils\node_modules\protractor\node_modules\minijasminenode\lib\jasmine-1.3.1.js:2209:31)
    at [object Object]._onTimeout (C:\Eclipse\release-automation\trunk-smoke\nolio\platform\server\ui\nl-build-utils\node_modules\protractor\node_modules\minijasminenode\lib\jasmine-1.3.1.js:2199:18)
    at Timer.listOnTimeout (timers.js:110:15)
Error
    at [object Object].ElementArrayFinder.applyAction_ (C:\Eclipse\release-automation\trunk-smoke\nolio\platform\server\ui\nl-build-utils\node_modules\protractor\lib\element.js:390:21)
    at [object Object].self.(anonymous function) [as click] (C:\Eclipse\release-automation\trunk-smoke\nolio\platform\server\ui\nl-build-utils\node_modules\protractor\lib\element.js:77:19)
    at [object Object].self.(anonymous function) [as click] (C:\Eclipse\release-automation\trunk-smoke\nolio\platform\server\ui\nl-build-utils\node_modules\protractor\lib\element.js:698:11)
    at [object Object].deleteActiveDashboard (C:\Eclipse\release-automation\trunk-smoke\nolio\platform\server\ui\web-ui\test\protractor\shared\pages\dashboardPage.js:493:31)
    at [object Object].&amp;lt;anonymous&amp;gt; (C:\Eclipse\release-automation\trunk-smoke\nolio\platform\server\ui\web-ui\test\protractor\suites\reports\dashboard.e2e.test.js:540:31)
    at C:\Eclipse\release-automation\trunk-smoke\nolio\platform\server\ui\nl-build-utils\node_modules\protractor\node_modules\jasminewd\index.js:94:14
    at [object Object].webdriver.promise.ControlFlow.runInNewFrame_ (C:\Eclipse\release-automation\trunk-smoke\nolio\platform\server\ui\nl-build-utils\node_modules\protractor\node_modules\selenium-webdriver\lib\webdriver\promise.js:1654:20)
    at [object Object].webdriver.promise.ControlFlow.runEventLoop_ (C:\Eclipse\release-automation\trunk-smoke\nolio\platform\server\ui\nl-build-utils\node_modules\protractor\node_modules\selenium-webdriver\lib\webdriver\promise.js:1518:8)
    at [object Object].wrapper [as _onTimeout] (timers.js:265:14)
    at Timer.listOnTimeout (timers.js:110:15)==== async task ====
Error
    at [object Object].&amp;lt;anonymous&amp;gt; (C:\Eclipse\release-automation\trunk-smoke\nolio\platform\server\ui\web-ui\test\protractor\suites\reports\dashboard.e2e.test.js:539:13)
    at [object Object].jasmine.Env.describe_ (C:\Eclipse\release-automation\trunk-smoke\nolio\platform\server\ui\nl-build-utils\node_modules\protractor\node_modules\minijasminenode\lib\jasmine-1.3.1.js:913:21)
    at [object Object].jasmine.Env.describe (C:\Eclipse\release-automation\trunk-smoke\nolio\platform\server\ui\nl-build-utils\node_modules\protractor\node_modules\minijasminenode\lib\jasmine-1.3.1.js:898:15)
    at describe (C:\Eclipse\release-automation\trunk-smoke\nolio\platform\server\ui\nl-build-utils\node_modules\protractor\node_modules\minijasminenode\lib\jasmine-1.3.1.js:658:27)
    at [object Object].&amp;lt;anonymous&amp;gt; (C:\Eclipse\release-automation\trunk-smoke\nolio\platform\server\ui\web-ui\test\protractor\suites\reports\dashboard.e2e.test.js:467:9)
    at [object Object].jasmine.Env.describe_ (C:\Eclipse\release-automation\trunk-smoke\nolio\platform\server\ui\nl-build-utils\node_modules\protractor\node_modules\minijasminenode\lib\jasmine-1.3.1.js:913:21)
    at [object Object].jasmine.Env.describe (C:\Eclipse\release-automation\trunk-smoke\nolio\platform\server\ui\nl-build-utils\node_modules\protractor\node_modules\minijasminenode\lib\jasmine-1.3.1.js:898:15)
    at describe (C:\Eclipse\release-automation\trunk-smoke\nolio\platform\server\ui\nl-build-utils\node_modules\protractor\node_modules\minijasminenode\lib\jasmine-1.3.1.js:658:27)
    at [object Object].&amp;lt;anonymous&amp;gt; (C:\Eclipse\release-automation\trunk-smoke\nolio\platform\server\ui\web-ui\test\protractor\suites\reports\dashboard.e2e.test.js:465:5)</failure></testcase>
</testsuite>
</testsuites>